[2026-03-14T21:59:05.003+0000] {local_task_job_runner.py:120} INFO - ::group::Pre task execution logs
[2026-03-14T21:59:05.119+0000] {taskinstance.py:2076} INFO - Dependencies all met for dep_context=non-requeueable deps ti=<TaskInstance: docflow_pipeline.embed_and_store manual__2026-03-14T21:54:23.176650+00:00 [queued]>
[2026-03-14T21:59:05.143+0000] {taskinstance.py:2076} INFO - Dependencies all met for dep_context=requeueable deps ti=<TaskInstance: docflow_pipeline.embed_and_store manual__2026-03-14T21:54:23.176650+00:00 [queued]>
[2026-03-14T21:59:05.144+0000] {taskinstance.py:2306} INFO - Starting attempt 1 of 1
[2026-03-14T21:59:05.197+0000] {taskinstance.py:2330} INFO - Executing <Task(PythonOperator): embed_and_store> on 2026-03-14 21:54:23.176650+00:00
[2026-03-14T21:59:05.214+0000] {standard_task_runner.py:90} INFO - Running: ['***', 'tasks', 'run', 'docflow_pipeline', 'embed_and_store', 'manual__2026-03-14T21:54:23.176650+00:00', '--job-id', '73', '--raw', '--subdir', 'DAGS_FOLDER/docflow_dag.py', '--cfg-path', '/tmp/tmpw3ay45vm']
[2026-03-14T21:59:05.221+0000] {standard_task_runner.py:91} INFO - Job 73: Subtask embed_and_store
[2026-03-14T21:59:05.221+0000] {logging_mixin.py:188} WARNING - /home/***/.local/lib/python3.12/site-packages/***/task/task_runner/standard_task_runner.py:61 DeprecationWarning: This process (pid=310) is multi-threaded, use of fork() may lead to deadlocks in the child.
[2026-03-14T21:59:05.222+0000] {standard_task_runner.py:63} INFO - Started process 313 to run task
[2026-03-14T21:59:05.384+0000] {task_command.py:426} INFO - Running <TaskInstance: docflow_pipeline.embed_and_store manual__2026-03-14T21:54:23.176650+00:00 [running]> on host 2a1c64a84883
[2026-03-14T21:59:05.676+0000] {taskinstance.py:2648} INFO - Exporting env vars: AIRFLOW_CTX_DAG_OWNER='***' AIRFLOW_CTX_DAG_ID='docflow_pipeline' AIRFLOW_CTX_TASK_ID='embed_and_store' AIRFLOW_CTX_EXECUTION_DATE='2026-03-14T21:54:23.176650+00:00' AIRFLOW_CTX_TRY_NUMBER='1' AIRFLOW_CTX_DAG_RUN_ID='manual__2026-03-14T21:54:23.176650+00:00'
[2026-03-14T21:59:05.678+0000] {taskinstance.py:430} INFO - ::endgroup::
[2026-03-14T21:59:12.212+0000] {logging_mixin.py:188} WARNING - 2026-03-14 21:59:12.212 | INFO     | processing.embad_and_store:run_embedding:33 - Loaded 555 papers
[2026-03-14T21:59:13.657+0000] {logging_mixin.py:188} WARNING - Fetching 5 files:   0%|          | 0/5 [00:00<?, ?it/s]
[2026-03-14T21:59:14.078+0000] {logging_mixin.py:188} WARNING - Fetching 5 files:  20%|##        | 1/5 [00:00<00:01,  2.40it/s]
[2026-03-14T21:59:56.930+0000] {logging_mixin.py:188} WARNING - Fetching 5 files:  40%|####      | 2/5 [00:43<01:16, 25.38s/it]
[2026-03-14T21:59:56.931+0000] {logging_mixin.py:188} WARNING - Fetching 5 files: 100%|##########| 5/5 [00:43<00:00,  8.65s/it]
[2026-03-14T21:59:58.348+0000] {logging_mixin.py:188} WARNING - 2026-03-14 21:59:58.348 | INFO     | processing.embad_and_store:run_embedding:36 - Model loaded — starting embeddings
[2026-03-14T21:59:58.558+0000] {taskinstance.py:441} INFO - ::group::Post task execution logs
[2026-03-14T21:59:58.559+0000] {taskinstance.py:2905} ERROR - Task failed with exception
Traceback (most recent call last):
  File "/home/airflow/.local/lib/python3.12/site-packages/httpcore/_exceptions.py", line 10, in map_exceptions
    yield
  File "/home/airflow/.local/lib/python3.12/site-packages/httpcore/backends/sync.py", line 94, in connect_tcp
    sock = socket.create_connection(
           ^^^^^^^^^^^^^^^^^^^^^^^^^
  File "/usr/local/lib/python3.12/socket.py", line 853, in create_connection
    raise exceptions[0]
  File "/usr/local/lib/python3.12/socket.py", line 838, in create_connection
    sock.connect(sa)
ConnectionRefusedError: [Errno 111] Connection refused

During handling of the above exception, another exception occurred:

Traceback (most recent call last):
  File "/home/airflow/.local/lib/python3.12/site-packages/httpx/_transports/default.py", line 60, in map_httpcore_exceptions
    yield
  File "/home/airflow/.local/lib/python3.12/site-packages/httpx/_transports/default.py", line 218, in handle_request
    resp = self._pool.handle_request(req)
           ^^^^^^^^^^^^^^^^^^^^^^^^^^^^^^
  File "/home/airflow/.local/lib/python3.12/site-packages/httpcore/_sync/connection_pool.py", line 253, in handle_request
    raise exc
  File "/home/airflow/.local/lib/python3.12/site-packages/httpcore/_sync/connection_pool.py", line 237, in handle_request
    response = connection.handle_request(request)
               ^^^^^^^^^^^^^^^^^^^^^^^^^^^^^^^^^^
  File "/home/airflow/.local/lib/python3.12/site-packages/httpcore/_sync/connection.py", line 86, in handle_request
    raise exc
  File "/home/airflow/.local/lib/python3.12/site-packages/httpcore/_sync/connection.py", line 63, in handle_request
    stream = self._connect(request)
             ^^^^^^^^^^^^^^^^^^^^^^
  File "/home/airflow/.local/lib/python3.12/site-packages/httpcore/_sync/connection.py", line 111, in _connect
    stream = self._network_backend.connect_tcp(**kwargs)
             ^^^^^^^^^^^^^^^^^^^^^^^^^^^^^^^^^^^^^^^^^^^
  File "/home/airflow/.local/lib/python3.12/site-packages/httpcore/backends/sync.py", line 93, in connect_tcp
    with map_exceptions(exc_map):
  File "/usr/local/lib/python3.12/contextlib.py", line 158, in __exit__
    self.gen.throw(value)
  File "/home/airflow/.local/lib/python3.12/site-packages/httpcore/_exceptions.py", line 14, in map_exceptions
    raise to_exc(exc)
httpcore.ConnectError: [Errno 111] Connection refused

The above exception was the direct cause of the following exception:

Traceback (most recent call last):
  File "/home/airflow/.local/lib/python3.12/site-packages/qdrant_client/http/api_client.py", line 116, in send_inner
    response = self._client.send(request)
               ^^^^^^^^^^^^^^^^^^^^^^^^^^
  File "/home/airflow/.local/lib/python3.12/site-packages/httpx/_client.py", line 908, in send
    response = self._send_handling_auth(
               ^^^^^^^^^^^^^^^^^^^^^^^^^
  File "/home/airflow/.local/lib/python3.12/site-packages/httpx/_client.py", line 936, in _send_handling_auth
    response = self._send_handling_redirects(
               ^^^^^^^^^^^^^^^^^^^^^^^^^^^^^^
  File "/home/airflow/.local/lib/python3.12/site-packages/httpx/_client.py", line 973, in _send_handling_redirects
    response = self._send_single_request(request)
               ^^^^^^^^^^^^^^^^^^^^^^^^^^^^^^^^^^
  File "/home/airflow/.local/lib/python3.12/site-packages/httpx/_client.py", line 1009, in _send_single_request
    response = transport.handle_request(request)
               ^^^^^^^^^^^^^^^^^^^^^^^^^^^^^^^^^
  File "/home/airflow/.local/lib/python3.12/site-packages/httpx/_transports/default.py", line 217, in handle_request
    with map_httpcore_exceptions():
  File "/usr/local/lib/python3.12/contextlib.py", line 158, in __exit__
    self.gen.throw(value)
  File "/home/airflow/.local/lib/python3.12/site-packages/httpx/_transports/default.py", line 77, in map_httpcore_exceptions
    raise mapped_exc(message) from exc
httpx.ConnectError: [Errno 111] Connection refused

During handling of the above exception, another exception occurred:

Traceback (most recent call last):
  File "/home/airflow/.local/lib/python3.12/site-packages/airflow/models/taskinstance.py", line 465, in _execute_task
    result = _execute_callable(context=context, **execute_callable_kwargs)
             ^^^^^^^^^^^^^^^^^^^^^^^^^^^^^^^^^^^^^^^^^^^^^^^^^^^^^^^^^^^^^
  File "/home/airflow/.local/lib/python3.12/site-packages/airflow/models/taskinstance.py", line 432, in _execute_callable
    return execute_callable(context=context, **execute_callable_kwargs)
           ^^^^^^^^^^^^^^^^^^^^^^^^^^^^^^^^^^^^^^^^^^^^^^^^^^^^^^^^^^^^
  File "/home/airflow/.local/lib/python3.12/site-packages/airflow/models/baseoperator.py", line 401, in wrapper
    return func(self, *args, **kwargs)
           ^^^^^^^^^^^^^^^^^^^^^^^^^^^
  File "/home/airflow/.local/lib/python3.12/site-packages/airflow/operators/python.py", line 235, in execute
    return_value = self.execute_callable()
                   ^^^^^^^^^^^^^^^^^^^^^^^
  File "/home/airflow/.local/lib/python3.12/site-packages/airflow/operators/python.py", line 252, in execute_callable
    return self.python_callable(*self.op_args, **self.op_kwargs)
           ^^^^^^^^^^^^^^^^^^^^^^^^^^^^^^^^^^^^^^^^^^^^^^^^^^^^^
  File "/opt/airflow/dags/docflow_dag.py", line 22, in embed
    run_embedding()
  File "/opt/airflow/processing/embad_and_store.py", line 38, in run_embedding
    if not client.collection_exists("arxiv_papers"):
           ^^^^^^^^^^^^^^^^^^^^^^^^^^^^^^^^^^^^^^^^
  File "/home/airflow/.local/lib/python3.12/site-packages/qdrant_client/qdrant_client.py", line 2166, in collection_exists
    return self._client.collection_exists(collection_name=collection_name, **kwargs)
           ^^^^^^^^^^^^^^^^^^^^^^^^^^^^^^^^^^^^^^^^^^^^^^^^^^^^^^^^^^^^^^^^^^^^^^^^^
  File "/home/airflow/.local/lib/python3.12/site-packages/qdrant_client/qdrant_remote.py", line 2594, in collection_exists
    result: Optional[models.CollectionExistence] = self.http.collections_api.collection_exists(
                                                   ^^^^^^^^^^^^^^^^^^^^^^^^^^^^^^^^^^^^^^^^^^^^
  File "/home/airflow/.local/lib/python3.12/site-packages/qdrant_client/http/api/collections_api.py", line 281, in collection_exists
    return self._build_for_collection_exists(
           ^^^^^^^^^^^^^^^^^^^^^^^^^^^^^^^^^^
  File "/home/airflow/.local/lib/python3.12/site-packages/qdrant_client/http/api/collections_api.py", line 67, in _build_for_collection_exists
    return self.api_client.request(
           ^^^^^^^^^^^^^^^^^^^^^^^^
  File "/home/airflow/.local/lib/python3.12/site-packages/qdrant_client/http/api_client.py", line 89, in request
    return self.send(request, type_)
           ^^^^^^^^^^^^^^^^^^^^^^^^^
  File "/home/airflow/.local/lib/python3.12/site-packages/qdrant_client/http/api_client.py", line 106, in send
    response = self.middleware(request, self.send_inner)
               ^^^^^^^^^^^^^^^^^^^^^^^^^^^^^^^^^^^^^^^^^
  File "/home/airflow/.local/lib/python3.12/site-packages/qdrant_client/http/api_client.py", line 215, in __call__
    return call_next(request)
           ^^^^^^^^^^^^^^^^^^
  File "/home/airflow/.local/lib/python3.12/site-packages/qdrant_client/http/api_client.py", line 118, in send_inner
    raise ResponseHandlingException(e)
qdrant_client.http.exceptions.ResponseHandlingException: [Errno 111] Connection refused
[2026-03-14T21:59:58.819+0000] {taskinstance.py:1206} INFO - Marking task as FAILED. dag_id=docflow_pipeline, task_id=embed_and_store, run_id=manual__2026-03-14T21:54:23.176650+00:00, execution_date=20260314T215423, start_date=20260314T215905, end_date=20260314T215958
[2026-03-14T21:59:58.973+0000] {standard_task_runner.py:110} ERROR - Failed to execute job 73 for task embed_and_store ([Errno 111] Connection refused; 313)
[2026-03-14T21:59:59.136+0000] {local_task_job_runner.py:240} INFO - Task exited with return code 1
[2026-03-14T21:59:59.199+0000] {taskinstance.py:3503} INFO - 0 downstream tasks scheduled from follow-on schedule check
[2026-03-14T21:59:59.238+0000] {local_task_job_runner.py:222} INFO - ::endgroup::
