[2026-03-14T22:01:57.302+0000] {local_task_job_runner.py:120} INFO - ::group::Pre task execution logs
[2026-03-14T22:01:57.731+0000] {taskinstance.py:2076} INFO - Dependencies all met for dep_context=non-requeueable deps ti=<TaskInstance: docflow_pipeline.ingest_arxiv manual__2026-03-14T22:01:55.688376+00:00 [queued]>
[2026-03-14T22:01:57.779+0000] {taskinstance.py:2076} INFO - Dependencies all met for dep_context=requeueable deps ti=<TaskInstance: docflow_pipeline.ingest_arxiv manual__2026-03-14T22:01:55.688376+00:00 [queued]>
[2026-03-14T22:01:57.780+0000] {taskinstance.py:2306} INFO - Starting attempt 1 of 1
[2026-03-14T22:01:57.863+0000] {taskinstance.py:2330} INFO - Executing <Task(PythonOperator): ingest_arxiv> on 2026-03-14 22:01:55.688376+00:00
[2026-03-14T22:01:57.917+0000] {standard_task_runner.py:90} INFO - Running: ['***', 'tasks', 'run', 'docflow_pipeline', 'ingest_arxiv', 'manual__2026-03-14T22:01:55.688376+00:00', '--job-id', '74', '--raw', '--subdir', 'DAGS_FOLDER/docflow_dag.py', '--cfg-path', '/tmp/tmpq512_by2']
[2026-03-14T22:01:57.944+0000] {standard_task_runner.py:91} INFO - Job 74: Subtask ingest_arxiv
[2026-03-14T22:01:57.962+0000] {logging_mixin.py:188} WARNING - /home/***/.local/lib/python3.12/site-packages/***/task/task_runner/standard_task_runner.py:61 DeprecationWarning: This process (pid=374) is multi-threaded, use of fork() may lead to deadlocks in the child.
[2026-03-14T22:01:57.966+0000] {standard_task_runner.py:63} INFO - Started process 375 to run task
[2026-03-14T22:01:58.341+0000] {task_command.py:426} INFO - Running <TaskInstance: docflow_pipeline.ingest_arxiv manual__2026-03-14T22:01:55.688376+00:00 [running]> on host 2a1c64a84883
[2026-03-14T22:01:58.832+0000] {taskinstance.py:2648} INFO - Exporting env vars: AIRFLOW_CTX_DAG_OWNER='***' AIRFLOW_CTX_DAG_ID='docflow_pipeline' AIRFLOW_CTX_TASK_ID='ingest_arxiv' AIRFLOW_CTX_EXECUTION_DATE='2026-03-14T22:01:55.688376+00:00' AIRFLOW_CTX_TRY_NUMBER='1' AIRFLOW_CTX_DAG_RUN_ID='manual__2026-03-14T22:01:55.688376+00:00'
[2026-03-14T22:01:58.840+0000] {taskinstance.py:430} INFO - ::endgroup::
[2026-03-14T22:01:59.042+0000] {logging_mixin.py:188} WARNING - 2026-03-14 22:01:59.041 | INFO     | ingestion.ingest_arxiv:run_ingestion:65 - Starting fetching for category: cs.AI
[2026-03-14T22:01:59.925+0000] {logging_mixin.py:188} WARNING - 2026-03-14 22:01:59.925 | INFO     | ingestion.ingest_arxiv:run_ingestion:73 - Fetched page 1 for cs.AI
[2026-03-14T22:02:36.230+0000] {logging_mixin.py:188} WARNING - 2026-03-14 22:02:36.230 | INFO     | ingestion.ingest_arxiv:run_ingestion:73 - Fetched page 2 for cs.AI
[2026-03-14T22:03:11.863+0000] {logging_mixin.py:188} WARNING - 2026-03-14 22:03:11.863 | INFO     | ingestion.ingest_arxiv:run_ingestion:73 - Fetched page 3 for cs.AI
[2026-03-14T22:03:52.880+0000] {logging_mixin.py:188} WARNING - 2026-03-14 22:03:52.880 | INFO     | ingestion.ingest_arxiv:run_ingestion:77 - Saved 300 into ./bronze/arxiv_cs.AI_2026-03-14.json
[2026-03-14T22:03:52.881+0000] {logging_mixin.py:188} WARNING - 2026-03-14 22:03:52.881 | INFO     | ingestion.ingest_arxiv:run_ingestion:65 - Starting fetching for category: cs.LG
[2026-03-14T22:03:54.205+0000] {logging_mixin.py:188} WARNING - 2026-03-14 22:03:54.205 | INFO     | ingestion.ingest_arxiv:run_ingestion:73 - Fetched page 1 for cs.LG
[2026-03-14T22:04:27.045+0000] {logging_mixin.py:188} WARNING - 2026-03-14 22:04:27.045 | INFO     | ingestion.ingest_arxiv:run_ingestion:73 - Fetched page 2 for cs.LG
[2026-03-14T22:05:02.654+0000] {logging_mixin.py:188} WARNING - 2026-03-14 22:05:02.654 | INFO     | ingestion.ingest_arxiv:run_ingestion:73 - Fetched page 3 for cs.LG
[2026-03-14T22:05:34.670+0000] {logging_mixin.py:188} WARNING - 2026-03-14 22:05:34.670 | INFO     | ingestion.ingest_arxiv:run_ingestion:77 - Saved 300 into ./bronze/arxiv_cs.LG_2026-03-14.json
[2026-03-14T22:05:34.671+0000] {logging_mixin.py:188} WARNING - 2026-03-14 22:05:34.671 | INFO     | ingestion.ingest_arxiv:run_ingestion:78 - Finished Fetching Process
[2026-03-14T22:05:34.673+0000] {python.py:237} INFO - Done. Returned value was: None
[2026-03-14T22:05:34.674+0000] {taskinstance.py:441} INFO - ::group::Post task execution logs
[2026-03-14T22:05:34.710+0000] {taskinstance.py:1206} INFO - Marking task as SUCCESS. dag_id=docflow_pipeline, task_id=ingest_arxiv, run_id=manual__2026-03-14T22:01:55.688376+00:00, execution_date=20260314T220155, start_date=20260314T220157, end_date=20260314T220534
[2026-03-14T22:05:34.806+0000] {local_task_job_runner.py:240} INFO - Task exited with return code 0
[2026-03-14T22:05:34.887+0000] {taskinstance.py:3503} INFO - 1 downstream tasks scheduled from follow-on schedule check
[2026-03-14T22:05:34.923+0000] {local_task_job_runner.py:222} INFO - ::endgroup::
