[2026-03-14T21:38:50.405+0000] {local_task_job_runner.py:120} INFO - ::group::Pre task execution logs
[2026-03-14T21:38:50.531+0000] {taskinstance.py:2076} INFO - Dependencies all met for dep_context=non-requeueable deps ti=<TaskInstance: docflow_pipeline.embed_and_store manual__2026-03-14T21:34:16.226961+00:00 [queued]>
[2026-03-14T21:38:50.554+0000] {taskinstance.py:2076} INFO - Dependencies all met for dep_context=requeueable deps ti=<TaskInstance: docflow_pipeline.embed_and_store manual__2026-03-14T21:34:16.226961+00:00 [queued]>
[2026-03-14T21:38:50.555+0000] {taskinstance.py:2306} INFO - Starting attempt 1 of 1
[2026-03-14T21:38:50.628+0000] {taskinstance.py:2330} INFO - Executing <Task(PythonOperator): embed_and_store> on 2026-03-14 21:34:16.226961+00:00
[2026-03-14T21:38:50.650+0000] {standard_task_runner.py:90} INFO - Running: ['***', 'tasks', 'run', 'docflow_pipeline', 'embed_and_store', 'manual__2026-03-14T21:34:16.226961+00:00', '--job-id', '67', '--raw', '--subdir', 'DAGS_FOLDER/docflow_dag.py', '--cfg-path', '/tmp/tmpvrttk_6t']
[2026-03-14T21:38:50.657+0000] {standard_task_runner.py:91} INFO - Job 67: Subtask embed_and_store
[2026-03-14T21:38:50.660+0000] {logging_mixin.py:188} WARNING - /home/***/.local/lib/python3.12/site-packages/***/task/task_runner/standard_task_runner.py:61 DeprecationWarning: This process (pid=490) is multi-threaded, use of fork() may lead to deadlocks in the child.
[2026-03-14T21:38:50.663+0000] {standard_task_runner.py:63} INFO - Started process 491 to run task
[2026-03-14T21:38:50.836+0000] {task_command.py:426} INFO - Running <TaskInstance: docflow_pipeline.embed_and_store manual__2026-03-14T21:34:16.226961+00:00 [running]> on host 14211cbfbbcc
[2026-03-14T21:38:51.151+0000] {taskinstance.py:2648} INFO - Exporting env vars: AIRFLOW_CTX_DAG_OWNER='***' AIRFLOW_CTX_DAG_ID='docflow_pipeline' AIRFLOW_CTX_TASK_ID='embed_and_store' AIRFLOW_CTX_EXECUTION_DATE='2026-03-14T21:34:16.226961+00:00' AIRFLOW_CTX_TRY_NUMBER='1' AIRFLOW_CTX_DAG_RUN_ID='manual__2026-03-14T21:34:16.226961+00:00'
[2026-03-14T21:38:51.154+0000] {taskinstance.py:430} INFO - ::endgroup::
[2026-03-14T21:38:58.675+0000] {taskinstance.py:441} INFO - ::group::Post task execution logs
[2026-03-14T21:38:58.677+0000] {taskinstance.py:2905} ERROR - Task failed with exception
Traceback (most recent call last):
  File "/home/airflow/.local/lib/python3.12/site-packages/airflow/models/taskinstance.py", line 465, in _execute_task
    result = _execute_callable(context=context, **execute_callable_kwargs)
             ^^^^^^^^^^^^^^^^^^^^^^^^^^^^^^^^^^^^^^^^^^^^^^^^^^^^^^^^^^^^^
  File "/home/airflow/.local/lib/python3.12/site-packages/airflow/models/taskinstance.py", line 432, in _execute_callable
    return execute_callable(context=context, **execute_callable_kwargs)
           ^^^^^^^^^^^^^^^^^^^^^^^^^^^^^^^^^^^^^^^^^^^^^^^^^^^^^^^^^^^^
  File "/home/airflow/.local/lib/python3.12/site-packages/airflow/models/baseoperator.py", line 401, in wrapper
    return func(self, *args, **kwargs)
           ^^^^^^^^^^^^^^^^^^^^^^^^^^^
  File "/home/airflow/.local/lib/python3.12/site-packages/airflow/operators/python.py", line 235, in execute
    return_value = self.execute_callable()
                   ^^^^^^^^^^^^^^^^^^^^^^^
  File "/home/airflow/.local/lib/python3.12/site-packages/airflow/operators/python.py", line 252, in execute_callable
    return self.python_callable(*self.op_args, **self.op_kwargs)
           ^^^^^^^^^^^^^^^^^^^^^^^^^^^^^^^^^^^^^^^^^^^^^^^^^^^^^
  File "/opt/airflow/dags/docflow_dag.py", line 21, in embed
    from processing.embad_and_store import run_embedding
  File "/opt/airflow/processing/embad_and_store.py", line 7, in <module>
    from qdrant_client import QdrantClient
  File "/home/airflow/.local/lib/python3.12/site-packages/qdrant_client/__init__.py", line 1, in <module>
    from .async_qdrant_client import AsyncQdrantClient as AsyncQdrantClient
  File "/home/airflow/.local/lib/python3.12/site-packages/qdrant_client/async_qdrant_client.py", line 23, in <module>
    from qdrant_client.async_qdrant_remote import AsyncQdrantRemote
  File "/home/airflow/.local/lib/python3.12/site-packages/qdrant_client/async_qdrant_remote.py", line 38, in <module>
    from qdrant_client.uploader.grpc_uploader import GrpcBatchUploader
  File "/home/airflow/.local/lib/python3.12/site-packages/qdrant_client/uploader/grpc_uploader.py", line 24, in <module>
    update_mode: grpc.UpdateMode | None = None,
                 ~~~~~~~~~~~~~~~~^~~~~~
TypeError: unsupported operand type(s) for |: 'EnumTypeWrapper' and 'NoneType'
[2026-03-14T21:38:58.871+0000] {taskinstance.py:1206} INFO - Marking task as FAILED. dag_id=docflow_pipeline, task_id=embed_and_store, run_id=manual__2026-03-14T21:34:16.226961+00:00, execution_date=20260314T213416, start_date=20260314T213850, end_date=20260314T213858
[2026-03-14T21:38:58.963+0000] {standard_task_runner.py:110} ERROR - Failed to execute job 67 for task embed_and_store (unsupported operand type(s) for |: 'EnumTypeWrapper' and 'NoneType'; 491)
[2026-03-14T21:38:59.067+0000] {local_task_job_runner.py:240} INFO - Task exited with return code 1
[2026-03-14T21:38:59.123+0000] {taskinstance.py:3503} INFO - 0 downstream tasks scheduled from follow-on schedule check
[2026-03-14T21:38:59.148+0000] {local_task_job_runner.py:222} INFO - ::endgroup::
