[2026-03-14T21:19:21.565+0000] {processor.py:161} INFO - Started process (PID=183) to work on /opt/airflow/dags/docflow_dag.py
[2026-03-14T21:19:21.568+0000] {processor.py:830} INFO - Processing file /opt/airflow/dags/docflow_dag.py for tasks to queue
[2026-03-14T21:19:21.582+0000] {logging_mixin.py:188} INFO - [2026-03-14T21:19:21.581+0000] {dagbag.py:545} INFO - Filling up the DagBag from /opt/airflow/dags/docflow_dag.py
[2026-03-14T21:19:21.669+0000] {processor.py:840} INFO - DAG(s) 'docflow_pipeline' retrieved from /opt/airflow/dags/docflow_dag.py
[2026-03-14T21:19:21.848+0000] {logging_mixin.py:188} INFO - [2026-03-14T21:19:21.848+0000] {dag.py:3096} INFO - Sync 1 DAGs
[2026-03-14T21:19:21.943+0000] {logging_mixin.py:188} INFO - [2026-03-14T21:19:21.942+0000] {dag.py:3954} INFO - Setting next_dagrun for docflow_pipeline to 2026-03-13 06:00:00+00:00, run_after=2026-03-16 06:00:00+00:00
[2026-03-14T21:19:22.030+0000] {processor.py:183} INFO - Processing /opt/airflow/dags/docflow_dag.py took 0.496 seconds
[2026-03-14T21:19:52.304+0000] {processor.py:161} INFO - Started process (PID=196) to work on /opt/airflow/dags/docflow_dag.py
[2026-03-14T21:19:52.331+0000] {processor.py:830} INFO - Processing file /opt/airflow/dags/docflow_dag.py for tasks to queue
[2026-03-14T21:19:52.341+0000] {logging_mixin.py:188} INFO - [2026-03-14T21:19:52.340+0000] {dagbag.py:545} INFO - Filling up the DagBag from /opt/airflow/dags/docflow_dag.py
[2026-03-14T21:19:52.386+0000] {processor.py:840} INFO - DAG(s) 'docflow_pipeline' retrieved from /opt/airflow/dags/docflow_dag.py
[2026-03-14T21:19:52.789+0000] {logging_mixin.py:188} INFO - [2026-03-14T21:19:52.789+0000] {dag.py:3096} INFO - Sync 1 DAGs
[2026-03-14T21:19:52.852+0000] {logging_mixin.py:188} INFO - [2026-03-14T21:19:52.851+0000] {dag.py:3954} INFO - Setting next_dagrun for docflow_pipeline to 2026-03-13 06:00:00+00:00, run_after=2026-03-16 06:00:00+00:00
[2026-03-14T21:19:52.932+0000] {processor.py:183} INFO - Processing /opt/airflow/dags/docflow_dag.py took 0.662 seconds
[2026-03-14T21:20:23.308+0000] {processor.py:161} INFO - Started process (PID=211) to work on /opt/airflow/dags/docflow_dag.py
[2026-03-14T21:20:23.327+0000] {processor.py:830} INFO - Processing file /opt/airflow/dags/docflow_dag.py for tasks to queue
[2026-03-14T21:20:23.350+0000] {logging_mixin.py:188} INFO - [2026-03-14T21:20:23.348+0000] {dagbag.py:545} INFO - Filling up the DagBag from /opt/airflow/dags/docflow_dag.py
[2026-03-14T21:20:23.552+0000] {processor.py:840} INFO - DAG(s) 'docflow_pipeline' retrieved from /opt/airflow/dags/docflow_dag.py
[2026-03-14T21:20:23.890+0000] {logging_mixin.py:188} INFO - [2026-03-14T21:20:23.889+0000] {dag.py:3096} INFO - Sync 1 DAGs
[2026-03-14T21:20:24.050+0000] {logging_mixin.py:188} INFO - [2026-03-14T21:20:24.049+0000] {dag.py:3954} INFO - Setting next_dagrun for docflow_pipeline to 2026-03-13 06:00:00+00:00, run_after=2026-03-16 06:00:00+00:00
[2026-03-14T21:20:24.235+0000] {processor.py:183} INFO - Processing /opt/airflow/dags/docflow_dag.py took 0.983 seconds
[2026-03-14T21:20:54.815+0000] {processor.py:161} INFO - Started process (PID=219) to work on /opt/airflow/dags/docflow_dag.py
[2026-03-14T21:20:54.822+0000] {processor.py:830} INFO - Processing file /opt/airflow/dags/docflow_dag.py for tasks to queue
[2026-03-14T21:20:54.852+0000] {logging_mixin.py:188} INFO - [2026-03-14T21:20:54.846+0000] {dagbag.py:545} INFO - Filling up the DagBag from /opt/airflow/dags/docflow_dag.py
[2026-03-14T21:20:54.974+0000] {processor.py:840} INFO - DAG(s) 'docflow_pipeline' retrieved from /opt/airflow/dags/docflow_dag.py
[2026-03-14T21:20:55.197+0000] {logging_mixin.py:188} INFO - [2026-03-14T21:20:55.197+0000] {dag.py:3096} INFO - Sync 1 DAGs
[2026-03-14T21:20:55.513+0000] {logging_mixin.py:188} INFO - [2026-03-14T21:20:55.511+0000] {dag.py:3954} INFO - Setting next_dagrun for docflow_pipeline to 2026-03-13 06:00:00+00:00, run_after=2026-03-16 06:00:00+00:00
[2026-03-14T21:20:55.700+0000] {processor.py:183} INFO - Processing /opt/airflow/dags/docflow_dag.py took 0.987 seconds
[2026-03-14T21:21:25.941+0000] {processor.py:161} INFO - Started process (PID=224) to work on /opt/airflow/dags/docflow_dag.py
[2026-03-14T21:21:25.956+0000] {processor.py:830} INFO - Processing file /opt/airflow/dags/docflow_dag.py for tasks to queue
[2026-03-14T21:21:25.958+0000] {logging_mixin.py:188} INFO - [2026-03-14T21:21:25.958+0000] {dagbag.py:545} INFO - Filling up the DagBag from /opt/airflow/dags/docflow_dag.py
[2026-03-14T21:21:25.999+0000] {processor.py:840} INFO - DAG(s) 'docflow_pipeline' retrieved from /opt/airflow/dags/docflow_dag.py
[2026-03-14T21:21:26.049+0000] {logging_mixin.py:188} INFO - [2026-03-14T21:21:26.048+0000] {dag.py:3096} INFO - Sync 1 DAGs
[2026-03-14T21:21:26.106+0000] {logging_mixin.py:188} INFO - [2026-03-14T21:21:26.106+0000] {dag.py:3954} INFO - Setting next_dagrun for docflow_pipeline to 2026-03-13 06:00:00+00:00, run_after=2026-03-16 06:00:00+00:00
[2026-03-14T21:21:26.163+0000] {processor.py:183} INFO - Processing /opt/airflow/dags/docflow_dag.py took 0.230 seconds
[2026-03-14T21:21:56.349+0000] {processor.py:161} INFO - Started process (PID=229) to work on /opt/airflow/dags/docflow_dag.py
[2026-03-14T21:21:56.369+0000] {processor.py:830} INFO - Processing file /opt/airflow/dags/docflow_dag.py for tasks to queue
[2026-03-14T21:21:56.372+0000] {logging_mixin.py:188} INFO - [2026-03-14T21:21:56.372+0000] {dagbag.py:545} INFO - Filling up the DagBag from /opt/airflow/dags/docflow_dag.py
[2026-03-14T21:21:56.394+0000] {processor.py:840} INFO - DAG(s) 'docflow_pipeline' retrieved from /opt/airflow/dags/docflow_dag.py
[2026-03-14T21:21:56.444+0000] {logging_mixin.py:188} INFO - [2026-03-14T21:21:56.443+0000] {dag.py:3096} INFO - Sync 1 DAGs
[2026-03-14T21:21:56.518+0000] {logging_mixin.py:188} INFO - [2026-03-14T21:21:56.518+0000] {dag.py:3954} INFO - Setting next_dagrun for docflow_pipeline to 2026-03-13 06:00:00+00:00, run_after=2026-03-16 06:00:00+00:00
[2026-03-14T21:21:56.588+0000] {processor.py:183} INFO - Processing /opt/airflow/dags/docflow_dag.py took 0.253 seconds
[2026-03-14T21:22:26.790+0000] {processor.py:161} INFO - Started process (PID=234) to work on /opt/airflow/dags/docflow_dag.py
[2026-03-14T21:22:26.813+0000] {processor.py:830} INFO - Processing file /opt/airflow/dags/docflow_dag.py for tasks to queue
[2026-03-14T21:22:26.820+0000] {logging_mixin.py:188} INFO - [2026-03-14T21:22:26.819+0000] {dagbag.py:545} INFO - Filling up the DagBag from /opt/airflow/dags/docflow_dag.py
[2026-03-14T21:22:26.876+0000] {processor.py:840} INFO - DAG(s) 'docflow_pipeline' retrieved from /opt/airflow/dags/docflow_dag.py
[2026-03-14T21:22:26.988+0000] {logging_mixin.py:188} INFO - [2026-03-14T21:22:26.988+0000] {dag.py:3096} INFO - Sync 1 DAGs
[2026-03-14T21:22:27.041+0000] {logging_mixin.py:188} INFO - [2026-03-14T21:22:27.040+0000] {dag.py:3954} INFO - Setting next_dagrun for docflow_pipeline to 2026-03-13 06:00:00+00:00, run_after=2026-03-16 06:00:00+00:00
[2026-03-14T21:22:27.109+0000] {processor.py:183} INFO - Processing /opt/airflow/dags/docflow_dag.py took 0.337 seconds
[2026-03-14T21:22:57.301+0000] {processor.py:161} INFO - Started process (PID=239) to work on /opt/airflow/dags/docflow_dag.py
[2026-03-14T21:22:57.303+0000] {processor.py:830} INFO - Processing file /opt/airflow/dags/docflow_dag.py for tasks to queue
[2026-03-14T21:22:57.306+0000] {logging_mixin.py:188} INFO - [2026-03-14T21:22:57.306+0000] {dagbag.py:545} INFO - Filling up the DagBag from /opt/airflow/dags/docflow_dag.py
[2026-03-14T21:22:57.321+0000] {processor.py:840} INFO - DAG(s) 'docflow_pipeline' retrieved from /opt/airflow/dags/docflow_dag.py
[2026-03-14T21:22:57.363+0000] {logging_mixin.py:188} INFO - [2026-03-14T21:22:57.362+0000] {dag.py:3096} INFO - Sync 1 DAGs
[2026-03-14T21:22:57.398+0000] {logging_mixin.py:188} INFO - [2026-03-14T21:22:57.398+0000] {dag.py:3954} INFO - Setting next_dagrun for docflow_pipeline to 2026-03-13 06:00:00+00:00, run_after=2026-03-16 06:00:00+00:00
[2026-03-14T21:22:57.452+0000] {processor.py:183} INFO - Processing /opt/airflow/dags/docflow_dag.py took 0.162 seconds
[2026-03-14T21:23:27.744+0000] {processor.py:161} INFO - Started process (PID=244) to work on /opt/airflow/dags/docflow_dag.py
[2026-03-14T21:23:27.745+0000] {processor.py:830} INFO - Processing file /opt/airflow/dags/docflow_dag.py for tasks to queue
[2026-03-14T21:23:27.747+0000] {logging_mixin.py:188} INFO - [2026-03-14T21:23:27.747+0000] {dagbag.py:545} INFO - Filling up the DagBag from /opt/airflow/dags/docflow_dag.py
[2026-03-14T21:23:27.801+0000] {processor.py:840} INFO - DAG(s) 'docflow_pipeline' retrieved from /opt/airflow/dags/docflow_dag.py
[2026-03-14T21:23:27.869+0000] {logging_mixin.py:188} INFO - [2026-03-14T21:23:27.869+0000] {dag.py:3096} INFO - Sync 1 DAGs
[2026-03-14T21:23:27.946+0000] {logging_mixin.py:188} INFO - [2026-03-14T21:23:27.946+0000] {dag.py:3954} INFO - Setting next_dagrun for docflow_pipeline to 2026-03-13 06:00:00+00:00, run_after=2026-03-16 06:00:00+00:00
[2026-03-14T21:23:27.991+0000] {processor.py:183} INFO - Processing /opt/airflow/dags/docflow_dag.py took 0.290 seconds
[2026-03-14T21:23:58.188+0000] {processor.py:161} INFO - Started process (PID=249) to work on /opt/airflow/dags/docflow_dag.py
[2026-03-14T21:23:58.190+0000] {processor.py:830} INFO - Processing file /opt/airflow/dags/docflow_dag.py for tasks to queue
[2026-03-14T21:23:58.192+0000] {logging_mixin.py:188} INFO - [2026-03-14T21:23:58.192+0000] {dagbag.py:545} INFO - Filling up the DagBag from /opt/airflow/dags/docflow_dag.py
[2026-03-14T21:23:58.283+0000] {processor.py:840} INFO - DAG(s) 'docflow_pipeline' retrieved from /opt/airflow/dags/docflow_dag.py
[2026-03-14T21:23:58.400+0000] {logging_mixin.py:188} INFO - [2026-03-14T21:23:58.399+0000] {dag.py:3096} INFO - Sync 1 DAGs
[2026-03-14T21:23:58.524+0000] {logging_mixin.py:188} INFO - [2026-03-14T21:23:58.523+0000] {dag.py:3954} INFO - Setting next_dagrun for docflow_pipeline to 2026-03-13 06:00:00+00:00, run_after=2026-03-16 06:00:00+00:00
[2026-03-14T21:23:58.716+0000] {processor.py:183} INFO - Processing /opt/airflow/dags/docflow_dag.py took 0.539 seconds
[2026-03-14T21:24:28.915+0000] {processor.py:161} INFO - Started process (PID=254) to work on /opt/airflow/dags/docflow_dag.py
[2026-03-14T21:24:28.917+0000] {processor.py:830} INFO - Processing file /opt/airflow/dags/docflow_dag.py for tasks to queue
[2026-03-14T21:24:28.919+0000] {logging_mixin.py:188} INFO - [2026-03-14T21:24:28.919+0000] {dagbag.py:545} INFO - Filling up the DagBag from /opt/airflow/dags/docflow_dag.py
[2026-03-14T21:24:28.935+0000] {processor.py:840} INFO - DAG(s) 'docflow_pipeline' retrieved from /opt/airflow/dags/docflow_dag.py
[2026-03-14T21:24:29.000+0000] {logging_mixin.py:188} INFO - [2026-03-14T21:24:29.000+0000] {dag.py:3096} INFO - Sync 1 DAGs
[2026-03-14T21:24:29.051+0000] {logging_mixin.py:188} INFO - [2026-03-14T21:24:29.051+0000] {dag.py:3954} INFO - Setting next_dagrun for docflow_pipeline to 2026-03-13 06:00:00+00:00, run_after=2026-03-16 06:00:00+00:00
[2026-03-14T21:24:29.106+0000] {processor.py:183} INFO - Processing /opt/airflow/dags/docflow_dag.py took 0.199 seconds
[2026-03-14T21:24:59.284+0000] {processor.py:161} INFO - Started process (PID=259) to work on /opt/airflow/dags/docflow_dag.py
[2026-03-14T21:24:59.310+0000] {processor.py:830} INFO - Processing file /opt/airflow/dags/docflow_dag.py for tasks to queue
[2026-03-14T21:24:59.314+0000] {logging_mixin.py:188} INFO - [2026-03-14T21:24:59.313+0000] {dagbag.py:545} INFO - Filling up the DagBag from /opt/airflow/dags/docflow_dag.py
[2026-03-14T21:24:59.331+0000] {processor.py:840} INFO - DAG(s) 'docflow_pipeline' retrieved from /opt/airflow/dags/docflow_dag.py
[2026-03-14T21:24:59.394+0000] {logging_mixin.py:188} INFO - [2026-03-14T21:24:59.393+0000] {dag.py:3096} INFO - Sync 1 DAGs
[2026-03-14T21:24:59.434+0000] {logging_mixin.py:188} INFO - [2026-03-14T21:24:59.433+0000] {dag.py:3954} INFO - Setting next_dagrun for docflow_pipeline to 2026-03-13 06:00:00+00:00, run_after=2026-03-16 06:00:00+00:00
[2026-03-14T21:24:59.515+0000] {processor.py:183} INFO - Processing /opt/airflow/dags/docflow_dag.py took 0.240 seconds
[2026-03-14T21:25:29.732+0000] {processor.py:161} INFO - Started process (PID=264) to work on /opt/airflow/dags/docflow_dag.py
[2026-03-14T21:25:29.734+0000] {processor.py:830} INFO - Processing file /opt/airflow/dags/docflow_dag.py for tasks to queue
[2026-03-14T21:25:29.737+0000] {logging_mixin.py:188} INFO - [2026-03-14T21:25:29.737+0000] {dagbag.py:545} INFO - Filling up the DagBag from /opt/airflow/dags/docflow_dag.py
[2026-03-14T21:25:29.754+0000] {processor.py:840} INFO - DAG(s) 'docflow_pipeline' retrieved from /opt/airflow/dags/docflow_dag.py
[2026-03-14T21:25:29.804+0000] {logging_mixin.py:188} INFO - [2026-03-14T21:25:29.803+0000] {dag.py:3096} INFO - Sync 1 DAGs
[2026-03-14T21:25:29.841+0000] {logging_mixin.py:188} INFO - [2026-03-14T21:25:29.841+0000] {dag.py:3954} INFO - Setting next_dagrun for docflow_pipeline to 2026-03-13 06:00:00+00:00, run_after=2026-03-16 06:00:00+00:00
[2026-03-14T21:25:29.908+0000] {processor.py:183} INFO - Processing /opt/airflow/dags/docflow_dag.py took 0.182 seconds
[2026-03-14T21:26:00.097+0000] {processor.py:161} INFO - Started process (PID=271) to work on /opt/airflow/dags/docflow_dag.py
[2026-03-14T21:26:00.112+0000] {processor.py:830} INFO - Processing file /opt/airflow/dags/docflow_dag.py for tasks to queue
[2026-03-14T21:26:00.117+0000] {logging_mixin.py:188} INFO - [2026-03-14T21:26:00.117+0000] {dagbag.py:545} INFO - Filling up the DagBag from /opt/airflow/dags/docflow_dag.py
[2026-03-14T21:26:00.136+0000] {processor.py:840} INFO - DAG(s) 'docflow_pipeline' retrieved from /opt/airflow/dags/docflow_dag.py
[2026-03-14T21:26:00.250+0000] {logging_mixin.py:188} INFO - [2026-03-14T21:26:00.249+0000] {dag.py:3096} INFO - Sync 1 DAGs
[2026-03-14T21:26:00.327+0000] {logging_mixin.py:188} INFO - [2026-03-14T21:26:00.327+0000] {dag.py:3954} INFO - Setting next_dagrun for docflow_pipeline to 2026-03-13 06:00:00+00:00, run_after=2026-03-16 06:00:00+00:00
[2026-03-14T21:26:00.383+0000] {processor.py:183} INFO - Processing /opt/airflow/dags/docflow_dag.py took 0.297 seconds
[2026-03-14T21:26:30.661+0000] {processor.py:161} INFO - Started process (PID=276) to work on /opt/airflow/dags/docflow_dag.py
[2026-03-14T21:26:30.662+0000] {processor.py:830} INFO - Processing file /opt/airflow/dags/docflow_dag.py for tasks to queue
[2026-03-14T21:26:30.664+0000] {logging_mixin.py:188} INFO - [2026-03-14T21:26:30.663+0000] {dagbag.py:545} INFO - Filling up the DagBag from /opt/airflow/dags/docflow_dag.py
[2026-03-14T21:26:30.731+0000] {processor.py:840} INFO - DAG(s) 'docflow_pipeline' retrieved from /opt/airflow/dags/docflow_dag.py
[2026-03-14T21:26:30.812+0000] {logging_mixin.py:188} INFO - [2026-03-14T21:26:30.812+0000] {dag.py:3096} INFO - Sync 1 DAGs
[2026-03-14T21:26:30.870+0000] {logging_mixin.py:188} INFO - [2026-03-14T21:26:30.870+0000] {dag.py:3954} INFO - Setting next_dagrun for docflow_pipeline to 2026-03-13 06:00:00+00:00, run_after=2026-03-16 06:00:00+00:00
[2026-03-14T21:26:30.947+0000] {processor.py:183} INFO - Processing /opt/airflow/dags/docflow_dag.py took 0.371 seconds
[2026-03-14T21:27:01.177+0000] {processor.py:161} INFO - Started process (PID=281) to work on /opt/airflow/dags/docflow_dag.py
[2026-03-14T21:27:01.203+0000] {processor.py:830} INFO - Processing file /opt/airflow/dags/docflow_dag.py for tasks to queue
[2026-03-14T21:27:01.205+0000] {logging_mixin.py:188} INFO - [2026-03-14T21:27:01.205+0000] {dagbag.py:545} INFO - Filling up the DagBag from /opt/airflow/dags/docflow_dag.py
[2026-03-14T21:27:01.251+0000] {processor.py:840} INFO - DAG(s) 'docflow_pipeline' retrieved from /opt/airflow/dags/docflow_dag.py
[2026-03-14T21:27:01.385+0000] {logging_mixin.py:188} INFO - [2026-03-14T21:27:01.385+0000] {dag.py:3096} INFO - Sync 1 DAGs
[2026-03-14T21:27:01.443+0000] {logging_mixin.py:188} INFO - [2026-03-14T21:27:01.443+0000] {dag.py:3954} INFO - Setting next_dagrun for docflow_pipeline to 2026-03-13 06:00:00+00:00, run_after=2026-03-16 06:00:00+00:00
[2026-03-14T21:27:01.531+0000] {processor.py:183} INFO - Processing /opt/airflow/dags/docflow_dag.py took 0.362 seconds
[2026-03-14T21:27:31.785+0000] {processor.py:161} INFO - Started process (PID=286) to work on /opt/airflow/dags/docflow_dag.py
[2026-03-14T21:27:31.787+0000] {processor.py:830} INFO - Processing file /opt/airflow/dags/docflow_dag.py for tasks to queue
[2026-03-14T21:27:31.791+0000] {logging_mixin.py:188} INFO - [2026-03-14T21:27:31.790+0000] {dagbag.py:545} INFO - Filling up the DagBag from /opt/airflow/dags/docflow_dag.py
[2026-03-14T21:27:31.816+0000] {processor.py:840} INFO - DAG(s) 'docflow_pipeline' retrieved from /opt/airflow/dags/docflow_dag.py
[2026-03-14T21:27:31.873+0000] {logging_mixin.py:188} INFO - [2026-03-14T21:27:31.872+0000] {dag.py:3096} INFO - Sync 1 DAGs
[2026-03-14T21:27:31.912+0000] {logging_mixin.py:188} INFO - [2026-03-14T21:27:31.911+0000] {dag.py:3954} INFO - Setting next_dagrun for docflow_pipeline to 2026-03-13 06:00:00+00:00, run_after=2026-03-16 06:00:00+00:00
[2026-03-14T21:27:31.985+0000] {processor.py:183} INFO - Processing /opt/airflow/dags/docflow_dag.py took 0.211 seconds
[2026-03-14T21:28:02.219+0000] {processor.py:161} INFO - Started process (PID=291) to work on /opt/airflow/dags/docflow_dag.py
[2026-03-14T21:28:02.239+0000] {processor.py:830} INFO - Processing file /opt/airflow/dags/docflow_dag.py for tasks to queue
[2026-03-14T21:28:02.244+0000] {logging_mixin.py:188} INFO - [2026-03-14T21:28:02.243+0000] {dagbag.py:545} INFO - Filling up the DagBag from /opt/airflow/dags/docflow_dag.py
[2026-03-14T21:28:02.276+0000] {processor.py:840} INFO - DAG(s) 'docflow_pipeline' retrieved from /opt/airflow/dags/docflow_dag.py
[2026-03-14T21:28:02.376+0000] {logging_mixin.py:188} INFO - [2026-03-14T21:28:02.375+0000] {dag.py:3096} INFO - Sync 1 DAGs
[2026-03-14T21:28:02.441+0000] {logging_mixin.py:188} INFO - [2026-03-14T21:28:02.441+0000] {dag.py:3954} INFO - Setting next_dagrun for docflow_pipeline to 2026-03-13 06:00:00+00:00, run_after=2026-03-16 06:00:00+00:00
[2026-03-14T21:28:02.540+0000] {processor.py:183} INFO - Processing /opt/airflow/dags/docflow_dag.py took 0.337 seconds
[2026-03-14T21:28:32.850+0000] {processor.py:161} INFO - Started process (PID=299) to work on /opt/airflow/dags/docflow_dag.py
[2026-03-14T21:28:33.086+0000] {processor.py:830} INFO - Processing file /opt/airflow/dags/docflow_dag.py for tasks to queue
[2026-03-14T21:28:33.094+0000] {logging_mixin.py:188} INFO - [2026-03-14T21:28:33.093+0000] {dagbag.py:545} INFO - Filling up the DagBag from /opt/airflow/dags/docflow_dag.py
[2026-03-14T21:28:33.254+0000] {processor.py:840} INFO - DAG(s) 'docflow_pipeline' retrieved from /opt/airflow/dags/docflow_dag.py
[2026-03-14T21:28:33.480+0000] {logging_mixin.py:188} INFO - [2026-03-14T21:28:33.479+0000] {dag.py:3096} INFO - Sync 1 DAGs
[2026-03-14T21:28:33.657+0000] {logging_mixin.py:188} INFO - [2026-03-14T21:28:33.656+0000] {dag.py:3954} INFO - Setting next_dagrun for docflow_pipeline to 2026-03-13 06:00:00+00:00, run_after=2026-03-16 06:00:00+00:00
[2026-03-14T21:28:34.015+0000] {processor.py:183} INFO - Processing /opt/airflow/dags/docflow_dag.py took 1.191 seconds
[2026-03-14T21:29:04.321+0000] {processor.py:161} INFO - Started process (PID=308) to work on /opt/airflow/dags/docflow_dag.py
[2026-03-14T21:29:04.340+0000] {processor.py:830} INFO - Processing file /opt/airflow/dags/docflow_dag.py for tasks to queue
[2026-03-14T21:29:04.354+0000] {logging_mixin.py:188} INFO - [2026-03-14T21:29:04.352+0000] {dagbag.py:545} INFO - Filling up the DagBag from /opt/airflow/dags/docflow_dag.py
[2026-03-14T21:29:04.489+0000] {processor.py:840} INFO - DAG(s) 'docflow_pipeline' retrieved from /opt/airflow/dags/docflow_dag.py
[2026-03-14T21:29:04.768+0000] {logging_mixin.py:188} INFO - [2026-03-14T21:29:04.768+0000] {dag.py:3096} INFO - Sync 1 DAGs
[2026-03-14T21:29:04.901+0000] {logging_mixin.py:188} INFO - [2026-03-14T21:29:04.900+0000] {dag.py:3954} INFO - Setting next_dagrun for docflow_pipeline to 2026-03-13 06:00:00+00:00, run_after=2026-03-16 06:00:00+00:00
[2026-03-14T21:29:05.035+0000] {processor.py:183} INFO - Processing /opt/airflow/dags/docflow_dag.py took 0.746 seconds
[2026-03-14T21:29:35.391+0000] {processor.py:161} INFO - Started process (PID=348) to work on /opt/airflow/dags/docflow_dag.py
[2026-03-14T21:29:35.420+0000] {processor.py:830} INFO - Processing file /opt/airflow/dags/docflow_dag.py for tasks to queue
[2026-03-14T21:29:35.427+0000] {logging_mixin.py:188} INFO - [2026-03-14T21:29:35.426+0000] {dagbag.py:545} INFO - Filling up the DagBag from /opt/airflow/dags/docflow_dag.py
[2026-03-14T21:29:35.471+0000] {processor.py:840} INFO - DAG(s) 'docflow_pipeline' retrieved from /opt/airflow/dags/docflow_dag.py
[2026-03-14T21:29:35.588+0000] {logging_mixin.py:188} INFO - [2026-03-14T21:29:35.587+0000] {dag.py:3096} INFO - Sync 1 DAGs
[2026-03-14T21:29:35.721+0000] {logging_mixin.py:188} INFO - [2026-03-14T21:29:35.720+0000] {dag.py:3954} INFO - Setting next_dagrun for docflow_pipeline to 2026-03-13 06:00:00+00:00, run_after=2026-03-16 06:00:00+00:00
[2026-03-14T21:29:35.832+0000] {processor.py:183} INFO - Processing /opt/airflow/dags/docflow_dag.py took 0.467 seconds
[2026-03-14T21:30:06.087+0000] {processor.py:161} INFO - Started process (PID=353) to work on /opt/airflow/dags/docflow_dag.py
[2026-03-14T21:30:06.102+0000] {processor.py:830} INFO - Processing file /opt/airflow/dags/docflow_dag.py for tasks to queue
[2026-03-14T21:30:06.108+0000] {logging_mixin.py:188} INFO - [2026-03-14T21:30:06.107+0000] {dagbag.py:545} INFO - Filling up the DagBag from /opt/airflow/dags/docflow_dag.py
[2026-03-14T21:30:06.143+0000] {processor.py:840} INFO - DAG(s) 'docflow_pipeline' retrieved from /opt/airflow/dags/docflow_dag.py
[2026-03-14T21:30:06.236+0000] {logging_mixin.py:188} INFO - [2026-03-14T21:30:06.234+0000] {dag.py:3096} INFO - Sync 1 DAGs
[2026-03-14T21:30:06.302+0000] {logging_mixin.py:188} INFO - [2026-03-14T21:30:06.301+0000] {dag.py:3954} INFO - Setting next_dagrun for docflow_pipeline to 2026-03-13 06:00:00+00:00, run_after=2026-03-16 06:00:00+00:00
[2026-03-14T21:30:06.388+0000] {processor.py:183} INFO - Processing /opt/airflow/dags/docflow_dag.py took 0.317 seconds
[2026-03-14T21:30:36.717+0000] {processor.py:161} INFO - Started process (PID=358) to work on /opt/airflow/dags/docflow_dag.py
[2026-03-14T21:30:36.780+0000] {processor.py:830} INFO - Processing file /opt/airflow/dags/docflow_dag.py for tasks to queue
[2026-03-14T21:30:36.797+0000] {logging_mixin.py:188} INFO - [2026-03-14T21:30:36.786+0000] {dagbag.py:545} INFO - Filling up the DagBag from /opt/airflow/dags/docflow_dag.py
[2026-03-14T21:30:36.912+0000] {processor.py:840} INFO - DAG(s) 'docflow_pipeline' retrieved from /opt/airflow/dags/docflow_dag.py
[2026-03-14T21:30:37.105+0000] {logging_mixin.py:188} INFO - [2026-03-14T21:30:37.104+0000] {dag.py:3096} INFO - Sync 1 DAGs
[2026-03-14T21:30:37.175+0000] {logging_mixin.py:188} INFO - [2026-03-14T21:30:37.175+0000] {dag.py:3954} INFO - Setting next_dagrun for docflow_pipeline to 2026-03-13 06:00:00+00:00, run_after=2026-03-16 06:00:00+00:00
[2026-03-14T21:30:37.282+0000] {processor.py:183} INFO - Processing /opt/airflow/dags/docflow_dag.py took 0.595 seconds
[2026-03-14T21:31:07.571+0000] {processor.py:161} INFO - Started process (PID=363) to work on /opt/airflow/dags/docflow_dag.py
[2026-03-14T21:31:07.612+0000] {processor.py:830} INFO - Processing file /opt/airflow/dags/docflow_dag.py for tasks to queue
[2026-03-14T21:31:07.617+0000] {logging_mixin.py:188} INFO - [2026-03-14T21:31:07.616+0000] {dagbag.py:545} INFO - Filling up the DagBag from /opt/airflow/dags/docflow_dag.py
[2026-03-14T21:31:07.654+0000] {processor.py:840} INFO - DAG(s) 'docflow_pipeline' retrieved from /opt/airflow/dags/docflow_dag.py
[2026-03-14T21:31:07.764+0000] {logging_mixin.py:188} INFO - [2026-03-14T21:31:07.763+0000] {dag.py:3096} INFO - Sync 1 DAGs
[2026-03-14T21:31:07.869+0000] {logging_mixin.py:188} INFO - [2026-03-14T21:31:07.867+0000] {dag.py:3954} INFO - Setting next_dagrun for docflow_pipeline to 2026-03-13 06:00:00+00:00, run_after=2026-03-16 06:00:00+00:00
[2026-03-14T21:31:07.957+0000] {processor.py:183} INFO - Processing /opt/airflow/dags/docflow_dag.py took 0.405 seconds
[2026-03-14T21:31:38.247+0000] {processor.py:161} INFO - Started process (PID=374) to work on /opt/airflow/dags/docflow_dag.py
[2026-03-14T21:31:38.273+0000] {processor.py:830} INFO - Processing file /opt/airflow/dags/docflow_dag.py for tasks to queue
[2026-03-14T21:31:38.285+0000] {logging_mixin.py:188} INFO - [2026-03-14T21:31:38.282+0000] {dagbag.py:545} INFO - Filling up the DagBag from /opt/airflow/dags/docflow_dag.py
[2026-03-14T21:31:38.336+0000] {processor.py:840} INFO - DAG(s) 'docflow_pipeline' retrieved from /opt/airflow/dags/docflow_dag.py
[2026-03-14T21:31:38.435+0000] {logging_mixin.py:188} INFO - [2026-03-14T21:31:38.435+0000] {dag.py:3096} INFO - Sync 1 DAGs
[2026-03-14T21:31:38.508+0000] {logging_mixin.py:188} INFO - [2026-03-14T21:31:38.507+0000] {dag.py:3954} INFO - Setting next_dagrun for docflow_pipeline to 2026-03-13 06:00:00+00:00, run_after=2026-03-16 06:00:00+00:00
[2026-03-14T21:31:38.589+0000] {processor.py:183} INFO - Processing /opt/airflow/dags/docflow_dag.py took 0.363 seconds
[2026-03-14T21:32:08.860+0000] {processor.py:161} INFO - Started process (PID=379) to work on /opt/airflow/dags/docflow_dag.py
[2026-03-14T21:32:08.894+0000] {processor.py:830} INFO - Processing file /opt/airflow/dags/docflow_dag.py for tasks to queue
[2026-03-14T21:32:08.899+0000] {logging_mixin.py:188} INFO - [2026-03-14T21:32:08.898+0000] {dagbag.py:545} INFO - Filling up the DagBag from /opt/airflow/dags/docflow_dag.py
[2026-03-14T21:32:08.933+0000] {processor.py:840} INFO - DAG(s) 'docflow_pipeline' retrieved from /opt/airflow/dags/docflow_dag.py
[2026-03-14T21:32:09.033+0000] {logging_mixin.py:188} INFO - [2026-03-14T21:32:09.032+0000] {dag.py:3096} INFO - Sync 1 DAGs
[2026-03-14T21:32:09.103+0000] {logging_mixin.py:188} INFO - [2026-03-14T21:32:09.102+0000] {dag.py:3954} INFO - Setting next_dagrun for docflow_pipeline to 2026-03-13 06:00:00+00:00, run_after=2026-03-16 06:00:00+00:00
[2026-03-14T21:32:09.186+0000] {processor.py:183} INFO - Processing /opt/airflow/dags/docflow_dag.py took 0.347 seconds
[2026-03-14T21:32:39.470+0000] {processor.py:161} INFO - Started process (PID=384) to work on /opt/airflow/dags/docflow_dag.py
[2026-03-14T21:32:39.479+0000] {processor.py:830} INFO - Processing file /opt/airflow/dags/docflow_dag.py for tasks to queue
[2026-03-14T21:32:39.484+0000] {logging_mixin.py:188} INFO - [2026-03-14T21:32:39.483+0000] {dagbag.py:545} INFO - Filling up the DagBag from /opt/airflow/dags/docflow_dag.py
[2026-03-14T21:32:39.526+0000] {processor.py:840} INFO - DAG(s) 'docflow_pipeline' retrieved from /opt/airflow/dags/docflow_dag.py
[2026-03-14T21:32:39.649+0000] {logging_mixin.py:188} INFO - [2026-03-14T21:32:39.647+0000] {dag.py:3096} INFO - Sync 1 DAGs
[2026-03-14T21:32:39.729+0000] {logging_mixin.py:188} INFO - [2026-03-14T21:32:39.728+0000] {dag.py:3954} INFO - Setting next_dagrun for docflow_pipeline to 2026-03-13 06:00:00+00:00, run_after=2026-03-16 06:00:00+00:00
[2026-03-14T21:32:39.811+0000] {processor.py:183} INFO - Processing /opt/airflow/dags/docflow_dag.py took 0.359 seconds
[2026-03-14T21:33:10.095+0000] {processor.py:161} INFO - Started process (PID=389) to work on /opt/airflow/dags/docflow_dag.py
[2026-03-14T21:33:10.117+0000] {processor.py:830} INFO - Processing file /opt/airflow/dags/docflow_dag.py for tasks to queue
[2026-03-14T21:33:10.134+0000] {logging_mixin.py:188} INFO - [2026-03-14T21:33:10.122+0000] {dagbag.py:545} INFO - Filling up the DagBag from /opt/airflow/dags/docflow_dag.py
[2026-03-14T21:33:10.174+0000] {processor.py:840} INFO - DAG(s) 'docflow_pipeline' retrieved from /opt/airflow/dags/docflow_dag.py
[2026-03-14T21:33:10.296+0000] {logging_mixin.py:188} INFO - [2026-03-14T21:33:10.295+0000] {dag.py:3096} INFO - Sync 1 DAGs
[2026-03-14T21:33:10.375+0000] {logging_mixin.py:188} INFO - [2026-03-14T21:33:10.374+0000] {dag.py:3954} INFO - Setting next_dagrun for docflow_pipeline to 2026-03-13 06:00:00+00:00, run_after=2026-03-16 06:00:00+00:00
[2026-03-14T21:33:10.479+0000] {processor.py:183} INFO - Processing /opt/airflow/dags/docflow_dag.py took 0.401 seconds
[2026-03-14T21:33:40.796+0000] {processor.py:161} INFO - Started process (PID=394) to work on /opt/airflow/dags/docflow_dag.py
[2026-03-14T21:33:40.831+0000] {processor.py:830} INFO - Processing file /opt/airflow/dags/docflow_dag.py for tasks to queue
[2026-03-14T21:33:40.836+0000] {logging_mixin.py:188} INFO - [2026-03-14T21:33:40.835+0000] {dagbag.py:545} INFO - Filling up the DagBag from /opt/airflow/dags/docflow_dag.py
[2026-03-14T21:33:40.884+0000] {processor.py:840} INFO - DAG(s) 'docflow_pipeline' retrieved from /opt/airflow/dags/docflow_dag.py
[2026-03-14T21:33:41.011+0000] {logging_mixin.py:188} INFO - [2026-03-14T21:33:41.010+0000] {dag.py:3096} INFO - Sync 1 DAGs
[2026-03-14T21:33:41.094+0000] {logging_mixin.py:188} INFO - [2026-03-14T21:33:41.093+0000] {dag.py:3954} INFO - Setting next_dagrun for docflow_pipeline to 2026-03-13 06:00:00+00:00, run_after=2026-03-16 06:00:00+00:00
[2026-03-14T21:33:41.224+0000] {processor.py:183} INFO - Processing /opt/airflow/dags/docflow_dag.py took 0.453 seconds
[2026-03-14T21:34:11.515+0000] {processor.py:161} INFO - Started process (PID=399) to work on /opt/airflow/dags/docflow_dag.py
[2026-03-14T21:34:11.532+0000] {processor.py:830} INFO - Processing file /opt/airflow/dags/docflow_dag.py for tasks to queue
[2026-03-14T21:34:11.537+0000] {logging_mixin.py:188} INFO - [2026-03-14T21:34:11.536+0000] {dagbag.py:545} INFO - Filling up the DagBag from /opt/airflow/dags/docflow_dag.py
[2026-03-14T21:34:11.596+0000] {processor.py:840} INFO - DAG(s) 'docflow_pipeline' retrieved from /opt/airflow/dags/docflow_dag.py
[2026-03-14T21:34:11.740+0000] {logging_mixin.py:188} INFO - [2026-03-14T21:34:11.739+0000] {dag.py:3096} INFO - Sync 1 DAGs
[2026-03-14T21:34:11.853+0000] {logging_mixin.py:188} INFO - [2026-03-14T21:34:11.850+0000] {dag.py:3954} INFO - Setting next_dagrun for docflow_pipeline to 2026-03-13 06:00:00+00:00, run_after=2026-03-16 06:00:00+00:00
[2026-03-14T21:34:11.966+0000] {processor.py:183} INFO - Processing /opt/airflow/dags/docflow_dag.py took 0.469 seconds
[2026-03-14T21:34:42.281+0000] {processor.py:161} INFO - Started process (PID=406) to work on /opt/airflow/dags/docflow_dag.py
[2026-03-14T21:34:42.289+0000] {processor.py:830} INFO - Processing file /opt/airflow/dags/docflow_dag.py for tasks to queue
[2026-03-14T21:34:42.300+0000] {logging_mixin.py:188} INFO - [2026-03-14T21:34:42.299+0000] {dagbag.py:545} INFO - Filling up the DagBag from /opt/airflow/dags/docflow_dag.py
[2026-03-14T21:34:42.371+0000] {processor.py:840} INFO - DAG(s) 'docflow_pipeline' retrieved from /opt/airflow/dags/docflow_dag.py
[2026-03-14T21:34:42.746+0000] {logging_mixin.py:188} INFO - [2026-03-14T21:34:42.746+0000] {dag.py:3096} INFO - Sync 1 DAGs
[2026-03-14T21:34:42.850+0000] {logging_mixin.py:188} INFO - [2026-03-14T21:34:42.849+0000] {dag.py:3954} INFO - Setting next_dagrun for docflow_pipeline to 2026-03-13 06:00:00+00:00, run_after=2026-03-16 06:00:00+00:00
[2026-03-14T21:34:42.948+0000] {processor.py:183} INFO - Processing /opt/airflow/dags/docflow_dag.py took 0.702 seconds
[2026-03-14T21:35:13.244+0000] {processor.py:161} INFO - Started process (PID=411) to work on /opt/airflow/dags/docflow_dag.py
[2026-03-14T21:35:13.268+0000] {processor.py:830} INFO - Processing file /opt/airflow/dags/docflow_dag.py for tasks to queue
[2026-03-14T21:35:13.274+0000] {logging_mixin.py:188} INFO - [2026-03-14T21:35:13.273+0000] {dagbag.py:545} INFO - Filling up the DagBag from /opt/airflow/dags/docflow_dag.py
[2026-03-14T21:35:13.316+0000] {processor.py:840} INFO - DAG(s) 'docflow_pipeline' retrieved from /opt/airflow/dags/docflow_dag.py
[2026-03-14T21:35:13.460+0000] {logging_mixin.py:188} INFO - [2026-03-14T21:35:13.459+0000] {dag.py:3096} INFO - Sync 1 DAGs
[2026-03-14T21:35:13.573+0000] {logging_mixin.py:188} INFO - [2026-03-14T21:35:13.573+0000] {dag.py:3954} INFO - Setting next_dagrun for docflow_pipeline to 2026-03-13 06:00:00+00:00, run_after=2026-03-16 06:00:00+00:00
[2026-03-14T21:35:13.779+0000] {processor.py:183} INFO - Processing /opt/airflow/dags/docflow_dag.py took 0.555 seconds
[2026-03-14T21:35:44.092+0000] {processor.py:161} INFO - Started process (PID=416) to work on /opt/airflow/dags/docflow_dag.py
[2026-03-14T21:35:44.108+0000] {processor.py:830} INFO - Processing file /opt/airflow/dags/docflow_dag.py for tasks to queue
[2026-03-14T21:35:44.114+0000] {logging_mixin.py:188} INFO - [2026-03-14T21:35:44.113+0000] {dagbag.py:545} INFO - Filling up the DagBag from /opt/airflow/dags/docflow_dag.py
[2026-03-14T21:35:44.191+0000] {processor.py:840} INFO - DAG(s) 'docflow_pipeline' retrieved from /opt/airflow/dags/docflow_dag.py
[2026-03-14T21:35:44.369+0000] {logging_mixin.py:188} INFO - [2026-03-14T21:35:44.368+0000] {dag.py:3096} INFO - Sync 1 DAGs
[2026-03-14T21:35:44.460+0000] {logging_mixin.py:188} INFO - [2026-03-14T21:35:44.459+0000] {dag.py:3954} INFO - Setting next_dagrun for docflow_pipeline to 2026-03-13 06:00:00+00:00, run_after=2026-03-16 06:00:00+00:00
[2026-03-14T21:35:44.575+0000] {processor.py:183} INFO - Processing /opt/airflow/dags/docflow_dag.py took 0.500 seconds
[2026-03-14T21:36:14.873+0000] {processor.py:161} INFO - Started process (PID=421) to work on /opt/airflow/dags/docflow_dag.py
[2026-03-14T21:36:14.883+0000] {processor.py:830} INFO - Processing file /opt/airflow/dags/docflow_dag.py for tasks to queue
[2026-03-14T21:36:14.887+0000] {logging_mixin.py:188} INFO - [2026-03-14T21:36:14.886+0000] {dagbag.py:545} INFO - Filling up the DagBag from /opt/airflow/dags/docflow_dag.py
[2026-03-14T21:36:14.925+0000] {processor.py:840} INFO - DAG(s) 'docflow_pipeline' retrieved from /opt/airflow/dags/docflow_dag.py
[2026-03-14T21:36:15.029+0000] {logging_mixin.py:188} INFO - [2026-03-14T21:36:15.028+0000] {dag.py:3096} INFO - Sync 1 DAGs
[2026-03-14T21:36:15.098+0000] {logging_mixin.py:188} INFO - [2026-03-14T21:36:15.097+0000] {dag.py:3954} INFO - Setting next_dagrun for docflow_pipeline to 2026-03-13 06:00:00+00:00, run_after=2026-03-16 06:00:00+00:00
[2026-03-14T21:36:15.397+0000] {processor.py:183} INFO - Processing /opt/airflow/dags/docflow_dag.py took 0.540 seconds
[2026-03-14T21:36:45.558+0000] {processor.py:161} INFO - Started process (PID=426) to work on /opt/airflow/dags/docflow_dag.py
[2026-03-14T21:36:45.563+0000] {processor.py:830} INFO - Processing file /opt/airflow/dags/docflow_dag.py for tasks to queue
[2026-03-14T21:36:45.571+0000] {logging_mixin.py:188} INFO - [2026-03-14T21:36:45.569+0000] {dagbag.py:545} INFO - Filling up the DagBag from /opt/airflow/dags/docflow_dag.py
[2026-03-14T21:36:45.615+0000] {processor.py:840} INFO - DAG(s) 'docflow_pipeline' retrieved from /opt/airflow/dags/docflow_dag.py
[2026-03-14T21:36:45.726+0000] {logging_mixin.py:188} INFO - [2026-03-14T21:36:45.725+0000] {dag.py:3096} INFO - Sync 1 DAGs
[2026-03-14T21:36:45.807+0000] {logging_mixin.py:188} INFO - [2026-03-14T21:36:45.806+0000] {dag.py:3954} INFO - Setting next_dagrun for docflow_pipeline to 2026-03-13 06:00:00+00:00, run_after=2026-03-16 06:00:00+00:00
[2026-03-14T21:36:45.987+0000] {processor.py:183} INFO - Processing /opt/airflow/dags/docflow_dag.py took 0.451 seconds
[2026-03-14T21:37:16.295+0000] {processor.py:161} INFO - Started process (PID=431) to work on /opt/airflow/dags/docflow_dag.py
[2026-03-14T21:37:16.331+0000] {processor.py:830} INFO - Processing file /opt/airflow/dags/docflow_dag.py for tasks to queue
[2026-03-14T21:37:16.337+0000] {logging_mixin.py:188} INFO - [2026-03-14T21:37:16.336+0000] {dagbag.py:545} INFO - Filling up the DagBag from /opt/airflow/dags/docflow_dag.py
[2026-03-14T21:37:16.376+0000] {processor.py:840} INFO - DAG(s) 'docflow_pipeline' retrieved from /opt/airflow/dags/docflow_dag.py
[2026-03-14T21:37:16.472+0000] {logging_mixin.py:188} INFO - [2026-03-14T21:37:16.471+0000] {dag.py:3096} INFO - Sync 1 DAGs
[2026-03-14T21:37:16.557+0000] {logging_mixin.py:188} INFO - [2026-03-14T21:37:16.556+0000] {dag.py:3954} INFO - Setting next_dagrun for docflow_pipeline to 2026-03-13 06:00:00+00:00, run_after=2026-03-16 06:00:00+00:00
[2026-03-14T21:37:16.682+0000] {processor.py:183} INFO - Processing /opt/airflow/dags/docflow_dag.py took 0.405 seconds
[2026-03-14T21:37:46.987+0000] {processor.py:161} INFO - Started process (PID=436) to work on /opt/airflow/dags/docflow_dag.py
[2026-03-14T21:37:46.991+0000] {processor.py:830} INFO - Processing file /opt/airflow/dags/docflow_dag.py for tasks to queue
[2026-03-14T21:37:46.997+0000] {logging_mixin.py:188} INFO - [2026-03-14T21:37:46.996+0000] {dagbag.py:545} INFO - Filling up the DagBag from /opt/airflow/dags/docflow_dag.py
[2026-03-14T21:37:47.033+0000] {processor.py:840} INFO - DAG(s) 'docflow_pipeline' retrieved from /opt/airflow/dags/docflow_dag.py
[2026-03-14T21:37:47.132+0000] {logging_mixin.py:188} INFO - [2026-03-14T21:37:47.132+0000] {dag.py:3096} INFO - Sync 1 DAGs
[2026-03-14T21:37:47.204+0000] {logging_mixin.py:188} INFO - [2026-03-14T21:37:47.203+0000] {dag.py:3954} INFO - Setting next_dagrun for docflow_pipeline to 2026-03-13 06:00:00+00:00, run_after=2026-03-16 06:00:00+00:00
[2026-03-14T21:37:47.301+0000] {processor.py:183} INFO - Processing /opt/airflow/dags/docflow_dag.py took 0.333 seconds
[2026-03-14T21:38:17.649+0000] {processor.py:161} INFO - Started process (PID=444) to work on /opt/airflow/dags/docflow_dag.py
[2026-03-14T21:38:17.666+0000] {processor.py:830} INFO - Processing file /opt/airflow/dags/docflow_dag.py for tasks to queue
[2026-03-14T21:38:17.688+0000] {logging_mixin.py:188} INFO - [2026-03-14T21:38:17.685+0000] {dagbag.py:545} INFO - Filling up the DagBag from /opt/airflow/dags/docflow_dag.py
[2026-03-14T21:38:17.807+0000] {processor.py:840} INFO - DAG(s) 'docflow_pipeline' retrieved from /opt/airflow/dags/docflow_dag.py
[2026-03-14T21:38:18.036+0000] {logging_mixin.py:188} INFO - [2026-03-14T21:38:18.035+0000] {dag.py:3096} INFO - Sync 1 DAGs
[2026-03-14T21:38:18.328+0000] {logging_mixin.py:188} INFO - [2026-03-14T21:38:18.327+0000] {dag.py:3954} INFO - Setting next_dagrun for docflow_pipeline to 2026-03-13 06:00:00+00:00, run_after=2026-03-16 06:00:00+00:00
[2026-03-14T21:38:18.508+0000] {processor.py:183} INFO - Processing /opt/airflow/dags/docflow_dag.py took 0.921 seconds
[2026-03-14T21:38:48.785+0000] {processor.py:161} INFO - Started process (PID=481) to work on /opt/airflow/dags/docflow_dag.py
[2026-03-14T21:38:48.787+0000] {processor.py:830} INFO - Processing file /opt/airflow/dags/docflow_dag.py for tasks to queue
[2026-03-14T21:38:48.792+0000] {logging_mixin.py:188} INFO - [2026-03-14T21:38:48.791+0000] {dagbag.py:545} INFO - Filling up the DagBag from /opt/airflow/dags/docflow_dag.py
[2026-03-14T21:38:48.825+0000] {processor.py:840} INFO - DAG(s) 'docflow_pipeline' retrieved from /opt/airflow/dags/docflow_dag.py
[2026-03-14T21:38:48.956+0000] {logging_mixin.py:188} INFO - [2026-03-14T21:38:48.955+0000] {dag.py:3096} INFO - Sync 1 DAGs
[2026-03-14T21:38:49.031+0000] {logging_mixin.py:188} INFO - [2026-03-14T21:38:49.031+0000] {dag.py:3954} INFO - Setting next_dagrun for docflow_pipeline to 2026-03-13 06:00:00+00:00, run_after=2026-03-16 06:00:00+00:00
[2026-03-14T21:38:49.107+0000] {processor.py:183} INFO - Processing /opt/airflow/dags/docflow_dag.py took 0.340 seconds
[2026-03-14T21:39:19.381+0000] {processor.py:161} INFO - Started process (PID=493) to work on /opt/airflow/dags/docflow_dag.py
[2026-03-14T21:39:19.418+0000] {processor.py:830} INFO - Processing file /opt/airflow/dags/docflow_dag.py for tasks to queue
[2026-03-14T21:39:19.424+0000] {logging_mixin.py:188} INFO - [2026-03-14T21:39:19.423+0000] {dagbag.py:545} INFO - Filling up the DagBag from /opt/airflow/dags/docflow_dag.py
[2026-03-14T21:39:19.458+0000] {processor.py:840} INFO - DAG(s) 'docflow_pipeline' retrieved from /opt/airflow/dags/docflow_dag.py
[2026-03-14T21:39:19.553+0000] {logging_mixin.py:188} INFO - [2026-03-14T21:39:19.553+0000] {dag.py:3096} INFO - Sync 1 DAGs
[2026-03-14T21:39:19.621+0000] {logging_mixin.py:188} INFO - [2026-03-14T21:39:19.620+0000] {dag.py:3954} INFO - Setting next_dagrun for docflow_pipeline to 2026-03-13 06:00:00+00:00, run_after=2026-03-16 06:00:00+00:00
[2026-03-14T21:39:19.701+0000] {processor.py:183} INFO - Processing /opt/airflow/dags/docflow_dag.py took 0.337 seconds
[2026-03-14T21:52:55.055+0000] {processor.py:161} INFO - Started process (PID=183) to work on /opt/airflow/dags/docflow_dag.py
[2026-03-14T21:52:55.079+0000] {processor.py:830} INFO - Processing file /opt/airflow/dags/docflow_dag.py for tasks to queue
[2026-03-14T21:52:55.084+0000] {logging_mixin.py:188} INFO - [2026-03-14T21:52:55.083+0000] {dagbag.py:545} INFO - Filling up the DagBag from /opt/airflow/dags/docflow_dag.py
[2026-03-14T21:52:55.142+0000] {processor.py:840} INFO - DAG(s) 'docflow_pipeline' retrieved from /opt/airflow/dags/docflow_dag.py
[2026-03-14T21:52:55.315+0000] {logging_mixin.py:188} INFO - [2026-03-14T21:52:55.314+0000] {dag.py:3096} INFO - Sync 1 DAGs
[2026-03-14T21:52:55.453+0000] {logging_mixin.py:188} INFO - [2026-03-14T21:52:55.453+0000] {dag.py:3954} INFO - Setting next_dagrun for docflow_pipeline to 2026-03-13 06:00:00+00:00, run_after=2026-03-16 06:00:00+00:00
[2026-03-14T21:52:55.539+0000] {processor.py:183} INFO - Processing /opt/airflow/dags/docflow_dag.py took 0.503 seconds
[2026-03-14T21:53:25.851+0000] {processor.py:161} INFO - Started process (PID=194) to work on /opt/airflow/dags/docflow_dag.py
[2026-03-14T21:53:25.862+0000] {processor.py:830} INFO - Processing file /opt/airflow/dags/docflow_dag.py for tasks to queue
[2026-03-14T21:53:25.869+0000] {logging_mixin.py:188} INFO - [2026-03-14T21:53:25.868+0000] {dagbag.py:545} INFO - Filling up the DagBag from /opt/airflow/dags/docflow_dag.py
[2026-03-14T21:53:25.901+0000] {processor.py:840} INFO - DAG(s) 'docflow_pipeline' retrieved from /opt/airflow/dags/docflow_dag.py
[2026-03-14T21:53:26.750+0000] {logging_mixin.py:188} INFO - [2026-03-14T21:53:26.750+0000] {dag.py:3096} INFO - Sync 1 DAGs
[2026-03-14T21:53:26.822+0000] {logging_mixin.py:188} INFO - [2026-03-14T21:53:26.821+0000] {dag.py:3954} INFO - Setting next_dagrun for docflow_pipeline to 2026-03-13 06:00:00+00:00, run_after=2026-03-16 06:00:00+00:00
[2026-03-14T21:53:26.912+0000] {processor.py:183} INFO - Processing /opt/airflow/dags/docflow_dag.py took 1.100 seconds
[2026-03-14T21:53:57.016+0000] {processor.py:161} INFO - Started process (PID=200) to work on /opt/airflow/dags/docflow_dag.py
[2026-03-14T21:53:57.045+0000] {processor.py:830} INFO - Processing file /opt/airflow/dags/docflow_dag.py for tasks to queue
[2026-03-14T21:53:57.051+0000] {logging_mixin.py:188} INFO - [2026-03-14T21:53:57.050+0000] {dagbag.py:545} INFO - Filling up the DagBag from /opt/airflow/dags/docflow_dag.py
[2026-03-14T21:53:57.090+0000] {processor.py:840} INFO - DAG(s) 'docflow_pipeline' retrieved from /opt/airflow/dags/docflow_dag.py
[2026-03-14T21:53:57.249+0000] {logging_mixin.py:188} INFO - [2026-03-14T21:53:57.249+0000] {dag.py:3096} INFO - Sync 1 DAGs
[2026-03-14T21:53:57.314+0000] {logging_mixin.py:188} INFO - [2026-03-14T21:53:57.313+0000] {dag.py:3954} INFO - Setting next_dagrun for docflow_pipeline to 2026-03-13 06:00:00+00:00, run_after=2026-03-16 06:00:00+00:00
[2026-03-14T21:53:57.391+0000] {processor.py:183} INFO - Processing /opt/airflow/dags/docflow_dag.py took 0.406 seconds
[2026-03-14T21:54:27.686+0000] {processor.py:161} INFO - Started process (PID=223) to work on /opt/airflow/dags/docflow_dag.py
[2026-03-14T21:54:27.689+0000] {processor.py:830} INFO - Processing file /opt/airflow/dags/docflow_dag.py for tasks to queue
[2026-03-14T21:54:27.716+0000] {logging_mixin.py:188} INFO - [2026-03-14T21:54:27.713+0000] {dagbag.py:545} INFO - Filling up the DagBag from /opt/airflow/dags/docflow_dag.py
[2026-03-14T21:54:27.759+0000] {processor.py:840} INFO - DAG(s) 'docflow_pipeline' retrieved from /opt/airflow/dags/docflow_dag.py
[2026-03-14T21:54:27.927+0000] {logging_mixin.py:188} INFO - [2026-03-14T21:54:27.926+0000] {dag.py:3096} INFO - Sync 1 DAGs
[2026-03-14T21:54:28.037+0000] {logging_mixin.py:188} INFO - [2026-03-14T21:54:28.036+0000] {dag.py:3954} INFO - Setting next_dagrun for docflow_pipeline to 2026-03-13 06:00:00+00:00, run_after=2026-03-16 06:00:00+00:00
[2026-03-14T21:54:28.122+0000] {processor.py:183} INFO - Processing /opt/airflow/dags/docflow_dag.py took 0.481 seconds
[2026-03-14T21:54:58.395+0000] {processor.py:161} INFO - Started process (PID=228) to work on /opt/airflow/dags/docflow_dag.py
[2026-03-14T21:54:58.398+0000] {processor.py:830} INFO - Processing file /opt/airflow/dags/docflow_dag.py for tasks to queue
[2026-03-14T21:54:58.404+0000] {logging_mixin.py:188} INFO - [2026-03-14T21:54:58.403+0000] {dagbag.py:545} INFO - Filling up the DagBag from /opt/airflow/dags/docflow_dag.py
[2026-03-14T21:54:58.451+0000] {processor.py:840} INFO - DAG(s) 'docflow_pipeline' retrieved from /opt/airflow/dags/docflow_dag.py
[2026-03-14T21:54:58.605+0000] {logging_mixin.py:188} INFO - [2026-03-14T21:54:58.604+0000] {dag.py:3096} INFO - Sync 1 DAGs
[2026-03-14T21:54:58.695+0000] {logging_mixin.py:188} INFO - [2026-03-14T21:54:58.695+0000] {dag.py:3954} INFO - Setting next_dagrun for docflow_pipeline to 2026-03-13 06:00:00+00:00, run_after=2026-03-16 06:00:00+00:00
[2026-03-14T21:54:58.777+0000] {processor.py:183} INFO - Processing /opt/airflow/dags/docflow_dag.py took 0.397 seconds
[2026-03-14T21:55:29.036+0000] {processor.py:161} INFO - Started process (PID=233) to work on /opt/airflow/dags/docflow_dag.py
[2026-03-14T21:55:29.038+0000] {processor.py:830} INFO - Processing file /opt/airflow/dags/docflow_dag.py for tasks to queue
[2026-03-14T21:55:29.052+0000] {logging_mixin.py:188} INFO - [2026-03-14T21:55:29.051+0000] {dagbag.py:545} INFO - Filling up the DagBag from /opt/airflow/dags/docflow_dag.py
[2026-03-14T21:55:29.088+0000] {processor.py:840} INFO - DAG(s) 'docflow_pipeline' retrieved from /opt/airflow/dags/docflow_dag.py
[2026-03-14T21:55:29.190+0000] {logging_mixin.py:188} INFO - [2026-03-14T21:55:29.189+0000] {dag.py:3096} INFO - Sync 1 DAGs
[2026-03-14T21:55:29.257+0000] {logging_mixin.py:188} INFO - [2026-03-14T21:55:29.256+0000] {dag.py:3954} INFO - Setting next_dagrun for docflow_pipeline to 2026-03-13 06:00:00+00:00, run_after=2026-03-16 06:00:00+00:00
[2026-03-14T21:55:29.340+0000] {processor.py:183} INFO - Processing /opt/airflow/dags/docflow_dag.py took 0.320 seconds
[2026-03-14T21:55:59.584+0000] {processor.py:161} INFO - Started process (PID=238) to work on /opt/airflow/dags/docflow_dag.py
[2026-03-14T21:55:59.586+0000] {processor.py:830} INFO - Processing file /opt/airflow/dags/docflow_dag.py for tasks to queue
[2026-03-14T21:55:59.591+0000] {logging_mixin.py:188} INFO - [2026-03-14T21:55:59.590+0000] {dagbag.py:545} INFO - Filling up the DagBag from /opt/airflow/dags/docflow_dag.py
[2026-03-14T21:55:59.624+0000] {processor.py:840} INFO - DAG(s) 'docflow_pipeline' retrieved from /opt/airflow/dags/docflow_dag.py
[2026-03-14T21:55:59.728+0000] {logging_mixin.py:188} INFO - [2026-03-14T21:55:59.726+0000] {dag.py:3096} INFO - Sync 1 DAGs
[2026-03-14T21:55:59.812+0000] {logging_mixin.py:188} INFO - [2026-03-14T21:55:59.812+0000] {dag.py:3954} INFO - Setting next_dagrun for docflow_pipeline to 2026-03-13 06:00:00+00:00, run_after=2026-03-16 06:00:00+00:00
[2026-03-14T21:55:59.955+0000] {processor.py:183} INFO - Processing /opt/airflow/dags/docflow_dag.py took 0.387 seconds
[2026-03-14T21:56:30.237+0000] {processor.py:161} INFO - Started process (PID=243) to work on /opt/airflow/dags/docflow_dag.py
[2026-03-14T21:56:30.259+0000] {processor.py:830} INFO - Processing file /opt/airflow/dags/docflow_dag.py for tasks to queue
[2026-03-14T21:56:30.274+0000] {logging_mixin.py:188} INFO - [2026-03-14T21:56:30.273+0000] {dagbag.py:545} INFO - Filling up the DagBag from /opt/airflow/dags/docflow_dag.py
[2026-03-14T21:56:30.333+0000] {processor.py:840} INFO - DAG(s) 'docflow_pipeline' retrieved from /opt/airflow/dags/docflow_dag.py
[2026-03-14T21:56:30.457+0000] {logging_mixin.py:188} INFO - [2026-03-14T21:56:30.457+0000] {dag.py:3096} INFO - Sync 1 DAGs
[2026-03-14T21:56:30.588+0000] {logging_mixin.py:188} INFO - [2026-03-14T21:56:30.587+0000] {dag.py:3954} INFO - Setting next_dagrun for docflow_pipeline to 2026-03-13 06:00:00+00:00, run_after=2026-03-16 06:00:00+00:00
[2026-03-14T21:56:30.726+0000] {processor.py:183} INFO - Processing /opt/airflow/dags/docflow_dag.py took 0.524 seconds
[2026-03-14T21:57:01.008+0000] {processor.py:161} INFO - Started process (PID=248) to work on /opt/airflow/dags/docflow_dag.py
[2026-03-14T21:57:01.011+0000] {processor.py:830} INFO - Processing file /opt/airflow/dags/docflow_dag.py for tasks to queue
[2026-03-14T21:57:01.017+0000] {logging_mixin.py:188} INFO - [2026-03-14T21:57:01.016+0000] {dagbag.py:545} INFO - Filling up the DagBag from /opt/airflow/dags/docflow_dag.py
[2026-03-14T21:57:01.064+0000] {processor.py:840} INFO - DAG(s) 'docflow_pipeline' retrieved from /opt/airflow/dags/docflow_dag.py
[2026-03-14T21:57:01.165+0000] {logging_mixin.py:188} INFO - [2026-03-14T21:57:01.165+0000] {dag.py:3096} INFO - Sync 1 DAGs
[2026-03-14T21:57:01.239+0000] {logging_mixin.py:188} INFO - [2026-03-14T21:57:01.238+0000] {dag.py:3954} INFO - Setting next_dagrun for docflow_pipeline to 2026-03-13 06:00:00+00:00, run_after=2026-03-16 06:00:00+00:00
[2026-03-14T21:57:01.343+0000] {processor.py:183} INFO - Processing /opt/airflow/dags/docflow_dag.py took 0.366 seconds
[2026-03-14T21:57:31.588+0000] {processor.py:161} INFO - Started process (PID=253) to work on /opt/airflow/dags/docflow_dag.py
[2026-03-14T21:57:31.590+0000] {processor.py:830} INFO - Processing file /opt/airflow/dags/docflow_dag.py for tasks to queue
[2026-03-14T21:57:31.596+0000] {logging_mixin.py:188} INFO - [2026-03-14T21:57:31.594+0000] {dagbag.py:545} INFO - Filling up the DagBag from /opt/airflow/dags/docflow_dag.py
[2026-03-14T21:57:31.677+0000] {processor.py:840} INFO - DAG(s) 'docflow_pipeline' retrieved from /opt/airflow/dags/docflow_dag.py
[2026-03-14T21:57:31.817+0000] {logging_mixin.py:188} INFO - [2026-03-14T21:57:31.817+0000] {dag.py:3096} INFO - Sync 1 DAGs
[2026-03-14T21:57:31.943+0000] {logging_mixin.py:188} INFO - [2026-03-14T21:57:31.942+0000] {dag.py:3954} INFO - Setting next_dagrun for docflow_pipeline to 2026-03-13 06:00:00+00:00, run_after=2026-03-16 06:00:00+00:00
[2026-03-14T21:57:32.061+0000] {processor.py:183} INFO - Processing /opt/airflow/dags/docflow_dag.py took 0.492 seconds
[2026-03-14T21:58:02.364+0000] {processor.py:161} INFO - Started process (PID=258) to work on /opt/airflow/dags/docflow_dag.py
[2026-03-14T21:58:02.368+0000] {processor.py:830} INFO - Processing file /opt/airflow/dags/docflow_dag.py for tasks to queue
[2026-03-14T21:58:02.375+0000] {logging_mixin.py:188} INFO - [2026-03-14T21:58:02.374+0000] {dagbag.py:545} INFO - Filling up the DagBag from /opt/airflow/dags/docflow_dag.py
[2026-03-14T21:58:02.420+0000] {processor.py:840} INFO - DAG(s) 'docflow_pipeline' retrieved from /opt/airflow/dags/docflow_dag.py
[2026-03-14T21:58:02.526+0000] {logging_mixin.py:188} INFO - [2026-03-14T21:58:02.525+0000] {dag.py:3096} INFO - Sync 1 DAGs
[2026-03-14T21:58:02.600+0000] {logging_mixin.py:188} INFO - [2026-03-14T21:58:02.599+0000] {dag.py:3954} INFO - Setting next_dagrun for docflow_pipeline to 2026-03-13 06:00:00+00:00, run_after=2026-03-16 06:00:00+00:00
[2026-03-14T21:58:02.676+0000] {processor.py:183} INFO - Processing /opt/airflow/dags/docflow_dag.py took 0.330 seconds
[2026-03-14T21:58:32.951+0000] {processor.py:161} INFO - Started process (PID=266) to work on /opt/airflow/dags/docflow_dag.py
[2026-03-14T21:58:32.954+0000] {processor.py:830} INFO - Processing file /opt/airflow/dags/docflow_dag.py for tasks to queue
[2026-03-14T21:58:32.963+0000] {logging_mixin.py:188} INFO - [2026-03-14T21:58:32.962+0000] {dagbag.py:545} INFO - Filling up the DagBag from /opt/airflow/dags/docflow_dag.py
[2026-03-14T21:58:33.131+0000] {processor.py:840} INFO - DAG(s) 'docflow_pipeline' retrieved from /opt/airflow/dags/docflow_dag.py
[2026-03-14T21:58:33.375+0000] {logging_mixin.py:188} INFO - [2026-03-14T21:58:33.375+0000] {dag.py:3096} INFO - Sync 1 DAGs
[2026-03-14T21:58:33.571+0000] {logging_mixin.py:188} INFO - [2026-03-14T21:58:33.528+0000] {dag.py:3954} INFO - Setting next_dagrun for docflow_pipeline to 2026-03-13 06:00:00+00:00, run_after=2026-03-16 06:00:00+00:00
[2026-03-14T21:58:33.694+0000] {processor.py:183} INFO - Processing /opt/airflow/dags/docflow_dag.py took 0.784 seconds
[2026-03-14T21:59:04.144+0000] {processor.py:161} INFO - Started process (PID=307) to work on /opt/airflow/dags/docflow_dag.py
[2026-03-14T21:59:04.148+0000] {processor.py:830} INFO - Processing file /opt/airflow/dags/docflow_dag.py for tasks to queue
[2026-03-14T21:59:04.153+0000] {logging_mixin.py:188} INFO - [2026-03-14T21:59:04.152+0000] {dagbag.py:545} INFO - Filling up the DagBag from /opt/airflow/dags/docflow_dag.py
[2026-03-14T21:59:04.185+0000] {processor.py:840} INFO - DAG(s) 'docflow_pipeline' retrieved from /opt/airflow/dags/docflow_dag.py
[2026-03-14T21:59:04.284+0000] {logging_mixin.py:188} INFO - [2026-03-14T21:59:04.284+0000] {dag.py:3096} INFO - Sync 1 DAGs
[2026-03-14T21:59:04.356+0000] {logging_mixin.py:188} INFO - [2026-03-14T21:59:04.356+0000] {dag.py:3954} INFO - Setting next_dagrun for docflow_pipeline to 2026-03-13 06:00:00+00:00, run_after=2026-03-16 06:00:00+00:00
[2026-03-14T21:59:04.449+0000] {processor.py:183} INFO - Processing /opt/airflow/dags/docflow_dag.py took 0.324 seconds
[2026-03-14T21:59:34.770+0000] {processor.py:161} INFO - Started process (PID=348) to work on /opt/airflow/dags/docflow_dag.py
[2026-03-14T21:59:34.784+0000] {processor.py:830} INFO - Processing file /opt/airflow/dags/docflow_dag.py for tasks to queue
[2026-03-14T21:59:34.792+0000] {logging_mixin.py:188} INFO - [2026-03-14T21:59:34.791+0000] {dagbag.py:545} INFO - Filling up the DagBag from /opt/airflow/dags/docflow_dag.py
[2026-03-14T21:59:34.922+0000] {processor.py:840} INFO - DAG(s) 'docflow_pipeline' retrieved from /opt/airflow/dags/docflow_dag.py
[2026-03-14T21:59:35.105+0000] {logging_mixin.py:188} INFO - [2026-03-14T21:59:35.104+0000] {dag.py:3096} INFO - Sync 1 DAGs
[2026-03-14T21:59:35.205+0000] {logging_mixin.py:188} INFO - [2026-03-14T21:59:35.204+0000] {dag.py:3954} INFO - Setting next_dagrun for docflow_pipeline to 2026-03-13 06:00:00+00:00, run_after=2026-03-16 06:00:00+00:00
[2026-03-14T21:59:35.337+0000] {processor.py:183} INFO - Processing /opt/airflow/dags/docflow_dag.py took 0.605 seconds
[2026-03-14T22:00:05.606+0000] {processor.py:161} INFO - Started process (PID=354) to work on /opt/airflow/dags/docflow_dag.py
[2026-03-14T22:00:05.757+0000] {processor.py:830} INFO - Processing file /opt/airflow/dags/docflow_dag.py for tasks to queue
[2026-03-14T22:00:05.771+0000] {logging_mixin.py:188} INFO - [2026-03-14T22:00:05.770+0000] {dagbag.py:545} INFO - Filling up the DagBag from /opt/airflow/dags/docflow_dag.py
[2026-03-14T22:00:05.815+0000] {processor.py:840} INFO - DAG(s) 'docflow_pipeline' retrieved from /opt/airflow/dags/docflow_dag.py
[2026-03-14T22:00:05.998+0000] {logging_mixin.py:188} INFO - [2026-03-14T22:00:05.997+0000] {dag.py:3096} INFO - Sync 1 DAGs
[2026-03-14T22:00:06.060+0000] {logging_mixin.py:188} INFO - [2026-03-14T22:00:06.059+0000] {dag.py:3954} INFO - Setting next_dagrun for docflow_pipeline to 2026-03-13 06:00:00+00:00, run_after=2026-03-16 06:00:00+00:00
[2026-03-14T22:00:06.357+0000] {processor.py:183} INFO - Processing /opt/airflow/dags/docflow_dag.py took 0.766 seconds
[2026-03-14T22:00:36.636+0000] {processor.py:161} INFO - Started process (PID=359) to work on /opt/airflow/dags/docflow_dag.py
[2026-03-14T22:00:36.639+0000] {processor.py:830} INFO - Processing file /opt/airflow/dags/docflow_dag.py for tasks to queue
[2026-03-14T22:00:36.645+0000] {logging_mixin.py:188} INFO - [2026-03-14T22:00:36.644+0000] {dagbag.py:545} INFO - Filling up the DagBag from /opt/airflow/dags/docflow_dag.py
[2026-03-14T22:00:36.680+0000] {processor.py:840} INFO - DAG(s) 'docflow_pipeline' retrieved from /opt/airflow/dags/docflow_dag.py
[2026-03-14T22:00:36.781+0000] {logging_mixin.py:188} INFO - [2026-03-14T22:00:36.781+0000] {dag.py:3096} INFO - Sync 1 DAGs
[2026-03-14T22:00:36.856+0000] {logging_mixin.py:188} INFO - [2026-03-14T22:00:36.856+0000] {dag.py:3954} INFO - Setting next_dagrun for docflow_pipeline to 2026-03-13 06:00:00+00:00, run_after=2026-03-16 06:00:00+00:00
[2026-03-14T22:00:36.950+0000] {processor.py:183} INFO - Processing /opt/airflow/dags/docflow_dag.py took 0.332 seconds
[2026-03-14T22:01:07.072+0000] {processor.py:161} INFO - Started process (PID=364) to work on /opt/airflow/dags/docflow_dag.py
[2026-03-14T22:01:07.084+0000] {processor.py:830} INFO - Processing file /opt/airflow/dags/docflow_dag.py for tasks to queue
[2026-03-14T22:01:07.090+0000] {logging_mixin.py:188} INFO - [2026-03-14T22:01:07.090+0000] {dagbag.py:545} INFO - Filling up the DagBag from /opt/airflow/dags/docflow_dag.py
[2026-03-14T22:01:07.126+0000] {processor.py:840} INFO - DAG(s) 'docflow_pipeline' retrieved from /opt/airflow/dags/docflow_dag.py
[2026-03-14T22:01:07.252+0000] {logging_mixin.py:188} INFO - [2026-03-14T22:01:07.251+0000] {dag.py:3096} INFO - Sync 1 DAGs
[2026-03-14T22:01:07.340+0000] {logging_mixin.py:188} INFO - [2026-03-14T22:01:07.339+0000] {dag.py:3954} INFO - Setting next_dagrun for docflow_pipeline to 2026-03-13 06:00:00+00:00, run_after=2026-03-16 06:00:00+00:00
[2026-03-14T22:01:07.457+0000] {processor.py:183} INFO - Processing /opt/airflow/dags/docflow_dag.py took 0.408 seconds
[2026-03-14T22:01:37.760+0000] {processor.py:161} INFO - Started process (PID=369) to work on /opt/airflow/dags/docflow_dag.py
[2026-03-14T22:01:37.775+0000] {processor.py:830} INFO - Processing file /opt/airflow/dags/docflow_dag.py for tasks to queue
[2026-03-14T22:01:37.784+0000] {logging_mixin.py:188} INFO - [2026-03-14T22:01:37.781+0000] {dagbag.py:545} INFO - Filling up the DagBag from /opt/airflow/dags/docflow_dag.py
[2026-03-14T22:01:37.864+0000] {processor.py:840} INFO - DAG(s) 'docflow_pipeline' retrieved from /opt/airflow/dags/docflow_dag.py
[2026-03-14T22:01:38.025+0000] {logging_mixin.py:188} INFO - [2026-03-14T22:01:38.024+0000] {dag.py:3096} INFO - Sync 1 DAGs
[2026-03-14T22:01:38.122+0000] {logging_mixin.py:188} INFO - [2026-03-14T22:01:38.122+0000] {dag.py:3954} INFO - Setting next_dagrun for docflow_pipeline to 2026-03-13 06:00:00+00:00, run_after=2026-03-16 06:00:00+00:00
[2026-03-14T22:01:38.217+0000] {processor.py:183} INFO - Processing /opt/airflow/dags/docflow_dag.py took 0.476 seconds
[2026-03-14T22:02:08.589+0000] {processor.py:161} INFO - Started process (PID=376) to work on /opt/airflow/dags/docflow_dag.py
[2026-03-14T22:02:08.610+0000] {processor.py:830} INFO - Processing file /opt/airflow/dags/docflow_dag.py for tasks to queue
[2026-03-14T22:02:08.622+0000] {logging_mixin.py:188} INFO - [2026-03-14T22:02:08.620+0000] {dagbag.py:545} INFO - Filling up the DagBag from /opt/airflow/dags/docflow_dag.py
[2026-03-14T22:02:08.681+0000] {processor.py:840} INFO - DAG(s) 'docflow_pipeline' retrieved from /opt/airflow/dags/docflow_dag.py
[2026-03-14T22:02:08.855+0000] {logging_mixin.py:188} INFO - [2026-03-14T22:02:08.855+0000] {dag.py:3096} INFO - Sync 1 DAGs
[2026-03-14T22:02:08.966+0000] {logging_mixin.py:188} INFO - [2026-03-14T22:02:08.965+0000] {dag.py:3954} INFO - Setting next_dagrun for docflow_pipeline to 2026-03-13 06:00:00+00:00, run_after=2026-03-16 06:00:00+00:00
[2026-03-14T22:02:09.063+0000] {processor.py:183} INFO - Processing /opt/airflow/dags/docflow_dag.py took 0.509 seconds
[2026-03-14T22:02:39.207+0000] {processor.py:161} INFO - Started process (PID=381) to work on /opt/airflow/dags/docflow_dag.py
[2026-03-14T22:02:39.210+0000] {processor.py:830} INFO - Processing file /opt/airflow/dags/docflow_dag.py for tasks to queue
[2026-03-14T22:02:39.216+0000] {logging_mixin.py:188} INFO - [2026-03-14T22:02:39.215+0000] {dagbag.py:545} INFO - Filling up the DagBag from /opt/airflow/dags/docflow_dag.py
[2026-03-14T22:02:39.250+0000] {processor.py:840} INFO - DAG(s) 'docflow_pipeline' retrieved from /opt/airflow/dags/docflow_dag.py
[2026-03-14T22:02:39.350+0000] {logging_mixin.py:188} INFO - [2026-03-14T22:02:39.350+0000] {dag.py:3096} INFO - Sync 1 DAGs
[2026-03-14T22:02:39.413+0000] {logging_mixin.py:188} INFO - [2026-03-14T22:02:39.413+0000] {dag.py:3954} INFO - Setting next_dagrun for docflow_pipeline to 2026-03-13 06:00:00+00:00, run_after=2026-03-16 06:00:00+00:00
[2026-03-14T22:02:39.520+0000] {processor.py:183} INFO - Processing /opt/airflow/dags/docflow_dag.py took 0.330 seconds
[2026-03-14T22:03:09.757+0000] {processor.py:161} INFO - Started process (PID=386) to work on /opt/airflow/dags/docflow_dag.py
[2026-03-14T22:03:09.759+0000] {processor.py:830} INFO - Processing file /opt/airflow/dags/docflow_dag.py for tasks to queue
[2026-03-14T22:03:09.764+0000] {logging_mixin.py:188} INFO - [2026-03-14T22:03:09.763+0000] {dagbag.py:545} INFO - Filling up the DagBag from /opt/airflow/dags/docflow_dag.py
[2026-03-14T22:03:09.798+0000] {processor.py:840} INFO - DAG(s) 'docflow_pipeline' retrieved from /opt/airflow/dags/docflow_dag.py
[2026-03-14T22:03:09.896+0000] {logging_mixin.py:188} INFO - [2026-03-14T22:03:09.896+0000] {dag.py:3096} INFO - Sync 1 DAGs
[2026-03-14T22:03:09.961+0000] {logging_mixin.py:188} INFO - [2026-03-14T22:03:09.961+0000] {dag.py:3954} INFO - Setting next_dagrun for docflow_pipeline to 2026-03-13 06:00:00+00:00, run_after=2026-03-16 06:00:00+00:00
[2026-03-14T22:03:10.034+0000] {processor.py:183} INFO - Processing /opt/airflow/dags/docflow_dag.py took 0.295 seconds
[2026-03-14T22:03:40.293+0000] {processor.py:161} INFO - Started process (PID=391) to work on /opt/airflow/dags/docflow_dag.py
[2026-03-14T22:03:40.296+0000] {processor.py:830} INFO - Processing file /opt/airflow/dags/docflow_dag.py for tasks to queue
[2026-03-14T22:03:40.303+0000] {logging_mixin.py:188} INFO - [2026-03-14T22:03:40.302+0000] {dagbag.py:545} INFO - Filling up the DagBag from /opt/airflow/dags/docflow_dag.py
[2026-03-14T22:03:40.401+0000] {processor.py:840} INFO - DAG(s) 'docflow_pipeline' retrieved from /opt/airflow/dags/docflow_dag.py
[2026-03-14T22:03:40.550+0000] {logging_mixin.py:188} INFO - [2026-03-14T22:03:40.549+0000] {dag.py:3096} INFO - Sync 1 DAGs
[2026-03-14T22:03:40.637+0000] {logging_mixin.py:188} INFO - [2026-03-14T22:03:40.636+0000] {dag.py:3954} INFO - Setting next_dagrun for docflow_pipeline to 2026-03-13 06:00:00+00:00, run_after=2026-03-16 06:00:00+00:00
[2026-03-14T22:03:40.736+0000] {processor.py:183} INFO - Processing /opt/airflow/dags/docflow_dag.py took 0.458 seconds
[2026-03-14T22:04:11.032+0000] {processor.py:161} INFO - Started process (PID=396) to work on /opt/airflow/dags/docflow_dag.py
[2026-03-14T22:04:11.035+0000] {processor.py:830} INFO - Processing file /opt/airflow/dags/docflow_dag.py for tasks to queue
[2026-03-14T22:04:11.041+0000] {logging_mixin.py:188} INFO - [2026-03-14T22:04:11.040+0000] {dagbag.py:545} INFO - Filling up the DagBag from /opt/airflow/dags/docflow_dag.py
[2026-03-14T22:04:11.085+0000] {processor.py:840} INFO - DAG(s) 'docflow_pipeline' retrieved from /opt/airflow/dags/docflow_dag.py
[2026-03-14T22:04:11.191+0000] {logging_mixin.py:188} INFO - [2026-03-14T22:04:11.190+0000] {dag.py:3096} INFO - Sync 1 DAGs
[2026-03-14T22:04:11.287+0000] {logging_mixin.py:188} INFO - [2026-03-14T22:04:11.286+0000] {dag.py:3954} INFO - Setting next_dagrun for docflow_pipeline to 2026-03-13 06:00:00+00:00, run_after=2026-03-16 06:00:00+00:00
[2026-03-14T22:04:11.380+0000] {processor.py:183} INFO - Processing /opt/airflow/dags/docflow_dag.py took 0.368 seconds
[2026-03-14T22:04:41.617+0000] {processor.py:161} INFO - Started process (PID=401) to work on /opt/airflow/dags/docflow_dag.py
[2026-03-14T22:04:41.643+0000] {processor.py:830} INFO - Processing file /opt/airflow/dags/docflow_dag.py for tasks to queue
[2026-03-14T22:04:41.647+0000] {logging_mixin.py:188} INFO - [2026-03-14T22:04:41.646+0000] {dagbag.py:545} INFO - Filling up the DagBag from /opt/airflow/dags/docflow_dag.py
[2026-03-14T22:04:41.679+0000] {processor.py:840} INFO - DAG(s) 'docflow_pipeline' retrieved from /opt/airflow/dags/docflow_dag.py
[2026-03-14T22:04:41.778+0000] {logging_mixin.py:188} INFO - [2026-03-14T22:04:41.777+0000] {dag.py:3096} INFO - Sync 1 DAGs
[2026-03-14T22:04:41.860+0000] {logging_mixin.py:188} INFO - [2026-03-14T22:04:41.860+0000] {dag.py:3954} INFO - Setting next_dagrun for docflow_pipeline to 2026-03-13 06:00:00+00:00, run_after=2026-03-16 06:00:00+00:00
[2026-03-14T22:04:42.041+0000] {processor.py:183} INFO - Processing /opt/airflow/dags/docflow_dag.py took 0.441 seconds
[2026-03-14T22:05:12.314+0000] {processor.py:161} INFO - Started process (PID=406) to work on /opt/airflow/dags/docflow_dag.py
[2026-03-14T22:05:12.317+0000] {processor.py:830} INFO - Processing file /opt/airflow/dags/docflow_dag.py for tasks to queue
[2026-03-14T22:05:12.322+0000] {logging_mixin.py:188} INFO - [2026-03-14T22:05:12.321+0000] {dagbag.py:545} INFO - Filling up the DagBag from /opt/airflow/dags/docflow_dag.py
[2026-03-14T22:05:12.370+0000] {processor.py:840} INFO - DAG(s) 'docflow_pipeline' retrieved from /opt/airflow/dags/docflow_dag.py
[2026-03-14T22:05:12.493+0000] {logging_mixin.py:188} INFO - [2026-03-14T22:05:12.492+0000] {dag.py:3096} INFO - Sync 1 DAGs
[2026-03-14T22:05:12.562+0000] {logging_mixin.py:188} INFO - [2026-03-14T22:05:12.562+0000] {dag.py:3954} INFO - Setting next_dagrun for docflow_pipeline to 2026-03-13 06:00:00+00:00, run_after=2026-03-16 06:00:00+00:00
[2026-03-14T22:05:12.640+0000] {processor.py:183} INFO - Processing /opt/airflow/dags/docflow_dag.py took 0.344 seconds
[2026-03-14T22:05:42.922+0000] {processor.py:161} INFO - Started process (PID=414) to work on /opt/airflow/dags/docflow_dag.py
[2026-03-14T22:05:42.941+0000] {processor.py:830} INFO - Processing file /opt/airflow/dags/docflow_dag.py for tasks to queue
[2026-03-14T22:05:42.959+0000] {logging_mixin.py:188} INFO - [2026-03-14T22:05:42.957+0000] {dagbag.py:545} INFO - Filling up the DagBag from /opt/airflow/dags/docflow_dag.py
[2026-03-14T22:05:43.041+0000] {processor.py:840} INFO - DAG(s) 'docflow_pipeline' retrieved from /opt/airflow/dags/docflow_dag.py
[2026-03-14T22:05:43.368+0000] {logging_mixin.py:188} INFO - [2026-03-14T22:05:43.368+0000] {dag.py:3096} INFO - Sync 1 DAGs
[2026-03-14T22:05:43.485+0000] {logging_mixin.py:188} INFO - [2026-03-14T22:05:43.485+0000] {dag.py:3954} INFO - Setting next_dagrun for docflow_pipeline to 2026-03-13 06:00:00+00:00, run_after=2026-03-16 06:00:00+00:00
[2026-03-14T22:05:44.006+0000] {processor.py:183} INFO - Processing /opt/airflow/dags/docflow_dag.py took 1.113 seconds
[2026-03-14T22:06:14.340+0000] {processor.py:161} INFO - Started process (PID=475) to work on /opt/airflow/dags/docflow_dag.py
[2026-03-14T22:06:14.364+0000] {processor.py:830} INFO - Processing file /opt/airflow/dags/docflow_dag.py for tasks to queue
[2026-03-14T22:06:14.408+0000] {logging_mixin.py:188} INFO - [2026-03-14T22:06:14.380+0000] {dagbag.py:545} INFO - Filling up the DagBag from /opt/airflow/dags/docflow_dag.py
[2026-03-14T22:06:14.732+0000] {processor.py:840} INFO - DAG(s) 'docflow_pipeline' retrieved from /opt/airflow/dags/docflow_dag.py
[2026-03-14T22:06:16.235+0000] {logging_mixin.py:188} INFO - [2026-03-14T22:06:16.234+0000] {dag.py:3096} INFO - Sync 1 DAGs
[2026-03-14T22:06:16.399+0000] {logging_mixin.py:188} INFO - [2026-03-14T22:06:16.398+0000] {dag.py:3954} INFO - Setting next_dagrun for docflow_pipeline to 2026-03-13 06:00:00+00:00, run_after=2026-03-16 06:00:00+00:00
[2026-03-14T22:06:16.530+0000] {processor.py:183} INFO - Processing /opt/airflow/dags/docflow_dag.py took 2.270 seconds
[2026-03-14T22:16:13.016+0000] {processor.py:161} INFO - Started process (PID=183) to work on /opt/airflow/dags/docflow_dag.py
[2026-03-14T22:16:13.081+0000] {processor.py:830} INFO - Processing file /opt/airflow/dags/docflow_dag.py for tasks to queue
[2026-03-14T22:16:13.084+0000] {logging_mixin.py:188} INFO - [2026-03-14T22:16:13.083+0000] {dagbag.py:545} INFO - Filling up the DagBag from /opt/airflow/dags/docflow_dag.py
[2026-03-14T22:16:13.123+0000] {processor.py:840} INFO - DAG(s) 'docflow_pipeline' retrieved from /opt/airflow/dags/docflow_dag.py
[2026-03-14T22:16:13.213+0000] {logging_mixin.py:188} INFO - [2026-03-14T22:16:13.212+0000] {dag.py:3096} INFO - Sync 1 DAGs
[2026-03-14T22:16:13.282+0000] {logging_mixin.py:188} INFO - [2026-03-14T22:16:13.281+0000] {dag.py:3954} INFO - Setting next_dagrun for docflow_pipeline to 2026-03-13 06:00:00+00:00, run_after=2026-03-16 06:00:00+00:00
[2026-03-14T22:16:13.365+0000] {processor.py:183} INFO - Processing /opt/airflow/dags/docflow_dag.py took 0.366 seconds
[2026-03-14T22:16:46.041+0000] {processor.py:161} INFO - Started process (PID=217) to work on /opt/airflow/dags/docflow_dag.py
[2026-03-14T22:16:46.274+0000] {processor.py:830} INFO - Processing file /opt/airflow/dags/docflow_dag.py for tasks to queue
[2026-03-14T22:16:46.298+0000] {logging_mixin.py:188} INFO - [2026-03-14T22:16:46.293+0000] {dagbag.py:545} INFO - Filling up the DagBag from /opt/airflow/dags/docflow_dag.py
[2026-03-14T22:16:48.526+0000] {processor.py:840} INFO - DAG(s) 'docflow_pipeline' retrieved from /opt/airflow/dags/docflow_dag.py
[2026-03-14T22:16:53.208+0000] {logging_mixin.py:188} INFO - [2026-03-14T22:16:53.207+0000] {dag.py:3096} INFO - Sync 1 DAGs
[2026-03-14T22:16:53.493+0000] {logging_mixin.py:188} INFO - [2026-03-14T22:16:53.493+0000] {dag.py:3954} INFO - Setting next_dagrun for docflow_pipeline to 2026-03-13 06:00:00+00:00, run_after=2026-03-16 06:00:00+00:00
[2026-03-14T22:16:53.742+0000] {processor.py:183} INFO - Processing /opt/airflow/dags/docflow_dag.py took 8.645 seconds
[2026-03-14T22:17:24.447+0000] {processor.py:161} INFO - Started process (PID=224) to work on /opt/airflow/dags/docflow_dag.py
[2026-03-14T22:17:24.537+0000] {processor.py:830} INFO - Processing file /opt/airflow/dags/docflow_dag.py for tasks to queue
[2026-03-14T22:17:24.609+0000] {logging_mixin.py:188} INFO - [2026-03-14T22:17:24.593+0000] {dagbag.py:545} INFO - Filling up the DagBag from /opt/airflow/dags/docflow_dag.py
[2026-03-14T22:17:25.018+0000] {processor.py:840} INFO - DAG(s) 'docflow_pipeline' retrieved from /opt/airflow/dags/docflow_dag.py
[2026-03-14T22:17:25.535+0000] {logging_mixin.py:188} INFO - [2026-03-14T22:17:25.534+0000] {dag.py:3096} INFO - Sync 1 DAGs
[2026-03-14T22:17:25.784+0000] {logging_mixin.py:188} INFO - [2026-03-14T22:17:25.783+0000] {dag.py:3954} INFO - Setting next_dagrun for docflow_pipeline to 2026-03-13 06:00:00+00:00, run_after=2026-03-16 06:00:00+00:00
[2026-03-14T22:17:25.950+0000] {processor.py:183} INFO - Processing /opt/airflow/dags/docflow_dag.py took 1.636 seconds
[2026-03-14T22:18:02.984+0000] {processor.py:161} INFO - Started process (PID=244) to work on /opt/airflow/dags/docflow_dag.py
[2026-03-14T22:18:03.113+0000] {processor.py:830} INFO - Processing file /opt/airflow/dags/docflow_dag.py for tasks to queue
[2026-03-14T22:18:03.251+0000] {logging_mixin.py:188} INFO - [2026-03-14T22:18:03.233+0000] {dagbag.py:545} INFO - Filling up the DagBag from /opt/airflow/dags/docflow_dag.py
[2026-03-14T22:18:07.824+0000] {processor.py:840} INFO - DAG(s) 'docflow_pipeline' retrieved from /opt/airflow/dags/docflow_dag.py
[2026-03-14T22:18:08.521+0000] {logging_mixin.py:188} INFO - [2026-03-14T22:18:08.520+0000] {dag.py:3096} INFO - Sync 1 DAGs
[2026-03-14T22:18:09.110+0000] {logging_mixin.py:188} INFO - [2026-03-14T22:18:09.108+0000] {dag.py:3954} INFO - Setting next_dagrun for docflow_pipeline to 2026-03-13 06:00:00+00:00, run_after=2026-03-16 06:00:00+00:00
[2026-03-14T22:18:09.465+0000] {processor.py:183} INFO - Processing /opt/airflow/dags/docflow_dag.py took 11.551 seconds
[2026-03-14T22:18:39.882+0000] {processor.py:161} INFO - Started process (PID=249) to work on /opt/airflow/dags/docflow_dag.py
[2026-03-14T22:18:39.909+0000] {processor.py:830} INFO - Processing file /opt/airflow/dags/docflow_dag.py for tasks to queue
[2026-03-14T22:18:39.924+0000] {logging_mixin.py:188} INFO - [2026-03-14T22:18:39.921+0000] {dagbag.py:545} INFO - Filling up the DagBag from /opt/airflow/dags/docflow_dag.py
[2026-03-14T22:18:40.137+0000] {processor.py:840} INFO - DAG(s) 'docflow_pipeline' retrieved from /opt/airflow/dags/docflow_dag.py
[2026-03-14T22:18:40.632+0000] {logging_mixin.py:188} INFO - [2026-03-14T22:18:40.630+0000] {dag.py:3096} INFO - Sync 1 DAGs
[2026-03-14T22:18:40.855+0000] {logging_mixin.py:188} INFO - [2026-03-14T22:18:40.854+0000] {dag.py:3954} INFO - Setting next_dagrun for docflow_pipeline to 2026-03-13 06:00:00+00:00, run_after=2026-03-16 06:00:00+00:00
[2026-03-14T22:18:41.006+0000] {processor.py:183} INFO - Processing /opt/airflow/dags/docflow_dag.py took 1.205 seconds
[2026-03-14T22:19:11.196+0000] {processor.py:161} INFO - Started process (PID=254) to work on /opt/airflow/dags/docflow_dag.py
[2026-03-14T22:19:11.219+0000] {processor.py:830} INFO - Processing file /opt/airflow/dags/docflow_dag.py for tasks to queue
[2026-03-14T22:19:11.233+0000] {logging_mixin.py:188} INFO - [2026-03-14T22:19:11.231+0000] {dagbag.py:545} INFO - Filling up the DagBag from /opt/airflow/dags/docflow_dag.py
[2026-03-14T22:19:11.316+0000] {processor.py:840} INFO - DAG(s) 'docflow_pipeline' retrieved from /opt/airflow/dags/docflow_dag.py
[2026-03-14T22:19:11.464+0000] {logging_mixin.py:188} INFO - [2026-03-14T22:19:11.463+0000] {dag.py:3096} INFO - Sync 1 DAGs
[2026-03-14T22:19:11.614+0000] {logging_mixin.py:188} INFO - [2026-03-14T22:19:11.612+0000] {dag.py:3954} INFO - Setting next_dagrun for docflow_pipeline to 2026-03-13 06:00:00+00:00, run_after=2026-03-16 06:00:00+00:00
[2026-03-14T22:19:11.796+0000] {processor.py:183} INFO - Processing /opt/airflow/dags/docflow_dag.py took 0.626 seconds
[2026-03-14T22:19:42.159+0000] {processor.py:161} INFO - Started process (PID=259) to work on /opt/airflow/dags/docflow_dag.py
[2026-03-14T22:19:42.175+0000] {processor.py:830} INFO - Processing file /opt/airflow/dags/docflow_dag.py for tasks to queue
[2026-03-14T22:19:42.184+0000] {logging_mixin.py:188} INFO - [2026-03-14T22:19:42.182+0000] {dagbag.py:545} INFO - Filling up the DagBag from /opt/airflow/dags/docflow_dag.py
[2026-03-14T22:19:42.240+0000] {processor.py:840} INFO - DAG(s) 'docflow_pipeline' retrieved from /opt/airflow/dags/docflow_dag.py
[2026-03-14T22:19:42.405+0000] {logging_mixin.py:188} INFO - [2026-03-14T22:19:42.403+0000] {dag.py:3096} INFO - Sync 1 DAGs
[2026-03-14T22:19:42.508+0000] {logging_mixin.py:188} INFO - [2026-03-14T22:19:42.507+0000] {dag.py:3954} INFO - Setting next_dagrun for docflow_pipeline to 2026-03-13 06:00:00+00:00, run_after=2026-03-16 06:00:00+00:00
[2026-03-14T22:19:42.648+0000] {processor.py:183} INFO - Processing /opt/airflow/dags/docflow_dag.py took 0.515 seconds
[2026-03-14T22:20:12.869+0000] {processor.py:161} INFO - Started process (PID=264) to work on /opt/airflow/dags/docflow_dag.py
[2026-03-14T22:20:12.906+0000] {processor.py:830} INFO - Processing file /opt/airflow/dags/docflow_dag.py for tasks to queue
[2026-03-14T22:20:12.914+0000] {logging_mixin.py:188} INFO - [2026-03-14T22:20:12.913+0000] {dagbag.py:545} INFO - Filling up the DagBag from /opt/airflow/dags/docflow_dag.py
[2026-03-14T22:20:12.963+0000] {processor.py:840} INFO - DAG(s) 'docflow_pipeline' retrieved from /opt/airflow/dags/docflow_dag.py
[2026-03-14T22:20:13.115+0000] {logging_mixin.py:188} INFO - [2026-03-14T22:20:13.114+0000] {dag.py:3096} INFO - Sync 1 DAGs
[2026-03-14T22:20:13.266+0000] {logging_mixin.py:188} INFO - [2026-03-14T22:20:13.265+0000] {dag.py:3954} INFO - Setting next_dagrun for docflow_pipeline to 2026-03-13 06:00:00+00:00, run_after=2026-03-16 06:00:00+00:00
[2026-03-14T22:20:13.441+0000] {processor.py:183} INFO - Processing /opt/airflow/dags/docflow_dag.py took 0.597 seconds
[2026-03-14T22:20:43.938+0000] {processor.py:161} INFO - Started process (PID=269) to work on /opt/airflow/dags/docflow_dag.py
[2026-03-14T22:20:43.960+0000] {processor.py:830} INFO - Processing file /opt/airflow/dags/docflow_dag.py for tasks to queue
[2026-03-14T22:20:43.971+0000] {logging_mixin.py:188} INFO - [2026-03-14T22:20:43.969+0000] {dagbag.py:545} INFO - Filling up the DagBag from /opt/airflow/dags/docflow_dag.py
[2026-03-14T22:20:44.029+0000] {processor.py:840} INFO - DAG(s) 'docflow_pipeline' retrieved from /opt/airflow/dags/docflow_dag.py
[2026-03-14T22:20:44.186+0000] {logging_mixin.py:188} INFO - [2026-03-14T22:20:44.185+0000] {dag.py:3096} INFO - Sync 1 DAGs
[2026-03-14T22:20:44.294+0000] {logging_mixin.py:188} INFO - [2026-03-14T22:20:44.293+0000] {dag.py:3954} INFO - Setting next_dagrun for docflow_pipeline to 2026-03-13 06:00:00+00:00, run_after=2026-03-16 06:00:00+00:00
[2026-03-14T22:20:44.394+0000] {processor.py:183} INFO - Processing /opt/airflow/dags/docflow_dag.py took 0.539 seconds
[2026-03-14T22:21:14.653+0000] {processor.py:161} INFO - Started process (PID=274) to work on /opt/airflow/dags/docflow_dag.py
[2026-03-14T22:21:14.668+0000] {processor.py:830} INFO - Processing file /opt/airflow/dags/docflow_dag.py for tasks to queue
[2026-03-14T22:21:14.676+0000] {logging_mixin.py:188} INFO - [2026-03-14T22:21:14.675+0000] {dagbag.py:545} INFO - Filling up the DagBag from /opt/airflow/dags/docflow_dag.py
[2026-03-14T22:21:14.720+0000] {processor.py:840} INFO - DAG(s) 'docflow_pipeline' retrieved from /opt/airflow/dags/docflow_dag.py
[2026-03-14T22:21:14.833+0000] {logging_mixin.py:188} INFO - [2026-03-14T22:21:14.832+0000] {dag.py:3096} INFO - Sync 1 DAGs
[2026-03-14T22:21:14.959+0000] {logging_mixin.py:188} INFO - [2026-03-14T22:21:14.958+0000] {dag.py:3954} INFO - Setting next_dagrun for docflow_pipeline to 2026-03-13 06:00:00+00:00, run_after=2026-03-16 06:00:00+00:00
[2026-03-14T22:21:15.117+0000] {processor.py:183} INFO - Processing /opt/airflow/dags/docflow_dag.py took 0.490 seconds
[2026-03-14T22:21:45.422+0000] {processor.py:161} INFO - Started process (PID=279) to work on /opt/airflow/dags/docflow_dag.py
[2026-03-14T22:21:45.446+0000] {processor.py:830} INFO - Processing file /opt/airflow/dags/docflow_dag.py for tasks to queue
[2026-03-14T22:21:45.460+0000] {logging_mixin.py:188} INFO - [2026-03-14T22:21:45.459+0000] {dagbag.py:545} INFO - Filling up the DagBag from /opt/airflow/dags/docflow_dag.py
[2026-03-14T22:21:45.530+0000] {processor.py:840} INFO - DAG(s) 'docflow_pipeline' retrieved from /opt/airflow/dags/docflow_dag.py
[2026-03-14T22:21:45.698+0000] {logging_mixin.py:188} INFO - [2026-03-14T22:21:45.697+0000] {dag.py:3096} INFO - Sync 1 DAGs
[2026-03-14T22:21:45.788+0000] {logging_mixin.py:188} INFO - [2026-03-14T22:21:45.787+0000] {dag.py:3954} INFO - Setting next_dagrun for docflow_pipeline to 2026-03-13 06:00:00+00:00, run_after=2026-03-16 06:00:00+00:00
[2026-03-14T22:21:45.891+0000] {processor.py:183} INFO - Processing /opt/airflow/dags/docflow_dag.py took 0.495 seconds
[2026-03-14T22:22:16.149+0000] {processor.py:161} INFO - Started process (PID=284) to work on /opt/airflow/dags/docflow_dag.py
[2026-03-14T22:22:16.178+0000] {processor.py:830} INFO - Processing file /opt/airflow/dags/docflow_dag.py for tasks to queue
[2026-03-14T22:22:16.184+0000] {logging_mixin.py:188} INFO - [2026-03-14T22:22:16.183+0000] {dagbag.py:545} INFO - Filling up the DagBag from /opt/airflow/dags/docflow_dag.py
[2026-03-14T22:22:16.221+0000] {processor.py:840} INFO - DAG(s) 'docflow_pipeline' retrieved from /opt/airflow/dags/docflow_dag.py
[2026-03-14T22:22:16.321+0000] {logging_mixin.py:188} INFO - [2026-03-14T22:22:16.320+0000] {dag.py:3096} INFO - Sync 1 DAGs
[2026-03-14T22:22:16.394+0000] {logging_mixin.py:188} INFO - [2026-03-14T22:22:16.393+0000] {dag.py:3954} INFO - Setting next_dagrun for docflow_pipeline to 2026-03-13 06:00:00+00:00, run_after=2026-03-16 06:00:00+00:00
[2026-03-14T22:22:16.505+0000] {processor.py:183} INFO - Processing /opt/airflow/dags/docflow_dag.py took 0.375 seconds
[2026-03-14T22:22:46.800+0000] {processor.py:161} INFO - Started process (PID=289) to work on /opt/airflow/dags/docflow_dag.py
[2026-03-14T22:22:46.831+0000] {processor.py:830} INFO - Processing file /opt/airflow/dags/docflow_dag.py for tasks to queue
[2026-03-14T22:22:46.837+0000] {logging_mixin.py:188} INFO - [2026-03-14T22:22:46.836+0000] {dagbag.py:545} INFO - Filling up the DagBag from /opt/airflow/dags/docflow_dag.py
[2026-03-14T22:22:46.875+0000] {processor.py:840} INFO - DAG(s) 'docflow_pipeline' retrieved from /opt/airflow/dags/docflow_dag.py
[2026-03-14T22:22:46.969+0000] {logging_mixin.py:188} INFO - [2026-03-14T22:22:46.968+0000] {dag.py:3096} INFO - Sync 1 DAGs
[2026-03-14T22:22:47.033+0000] {logging_mixin.py:188} INFO - [2026-03-14T22:22:47.033+0000] {dag.py:3954} INFO - Setting next_dagrun for docflow_pipeline to 2026-03-13 06:00:00+00:00, run_after=2026-03-16 06:00:00+00:00
[2026-03-14T22:22:47.158+0000] {processor.py:183} INFO - Processing /opt/airflow/dags/docflow_dag.py took 0.385 seconds
[2026-03-14T22:23:17.441+0000] {processor.py:161} INFO - Started process (PID=294) to work on /opt/airflow/dags/docflow_dag.py
[2026-03-14T22:23:17.457+0000] {processor.py:830} INFO - Processing file /opt/airflow/dags/docflow_dag.py for tasks to queue
[2026-03-14T22:23:17.463+0000] {logging_mixin.py:188} INFO - [2026-03-14T22:23:17.462+0000] {dagbag.py:545} INFO - Filling up the DagBag from /opt/airflow/dags/docflow_dag.py
[2026-03-14T22:23:17.551+0000] {processor.py:840} INFO - DAG(s) 'docflow_pipeline' retrieved from /opt/airflow/dags/docflow_dag.py
[2026-03-14T22:23:17.672+0000] {logging_mixin.py:188} INFO - [2026-03-14T22:23:17.671+0000] {dag.py:3096} INFO - Sync 1 DAGs
[2026-03-14T22:23:17.738+0000] {logging_mixin.py:188} INFO - [2026-03-14T22:23:17.738+0000] {dag.py:3954} INFO - Setting next_dagrun for docflow_pipeline to 2026-03-13 06:00:00+00:00, run_after=2026-03-16 06:00:00+00:00
[2026-03-14T22:23:17.913+0000] {processor.py:183} INFO - Processing /opt/airflow/dags/docflow_dag.py took 0.490 seconds
[2026-03-14T22:23:48.201+0000] {processor.py:161} INFO - Started process (PID=299) to work on /opt/airflow/dags/docflow_dag.py
[2026-03-14T22:23:48.212+0000] {processor.py:830} INFO - Processing file /opt/airflow/dags/docflow_dag.py for tasks to queue
[2026-03-14T22:23:48.218+0000] {logging_mixin.py:188} INFO - [2026-03-14T22:23:48.217+0000] {dagbag.py:545} INFO - Filling up the DagBag from /opt/airflow/dags/docflow_dag.py
[2026-03-14T22:23:48.255+0000] {processor.py:840} INFO - DAG(s) 'docflow_pipeline' retrieved from /opt/airflow/dags/docflow_dag.py
[2026-03-14T22:23:48.350+0000] {logging_mixin.py:188} INFO - [2026-03-14T22:23:48.349+0000] {dag.py:3096} INFO - Sync 1 DAGs
[2026-03-14T22:23:48.412+0000] {logging_mixin.py:188} INFO - [2026-03-14T22:23:48.411+0000] {dag.py:3954} INFO - Setting next_dagrun for docflow_pipeline to 2026-03-13 06:00:00+00:00, run_after=2026-03-16 06:00:00+00:00
[2026-03-14T22:23:48.487+0000] {processor.py:183} INFO - Processing /opt/airflow/dags/docflow_dag.py took 0.305 seconds
[2026-03-14T22:24:18.786+0000] {processor.py:161} INFO - Started process (PID=304) to work on /opt/airflow/dags/docflow_dag.py
[2026-03-14T22:24:18.806+0000] {processor.py:830} INFO - Processing file /opt/airflow/dags/docflow_dag.py for tasks to queue
[2026-03-14T22:24:18.825+0000] {logging_mixin.py:188} INFO - [2026-03-14T22:24:18.814+0000] {dagbag.py:545} INFO - Filling up the DagBag from /opt/airflow/dags/docflow_dag.py
[2026-03-14T22:24:18.893+0000] {processor.py:840} INFO - DAG(s) 'docflow_pipeline' retrieved from /opt/airflow/dags/docflow_dag.py
[2026-03-14T22:24:19.094+0000] {logging_mixin.py:188} INFO - [2026-03-14T22:24:19.093+0000] {dag.py:3096} INFO - Sync 1 DAGs
[2026-03-14T22:24:19.302+0000] {logging_mixin.py:188} INFO - [2026-03-14T22:24:19.302+0000] {dag.py:3954} INFO - Setting next_dagrun for docflow_pipeline to 2026-03-13 06:00:00+00:00, run_after=2026-03-16 06:00:00+00:00
[2026-03-14T22:24:19.535+0000] {processor.py:183} INFO - Processing /opt/airflow/dags/docflow_dag.py took 0.777 seconds
[2026-03-14T22:24:49.682+0000] {processor.py:161} INFO - Started process (PID=309) to work on /opt/airflow/dags/docflow_dag.py
[2026-03-14T22:24:49.686+0000] {processor.py:830} INFO - Processing file /opt/airflow/dags/docflow_dag.py for tasks to queue
[2026-03-14T22:24:49.694+0000] {logging_mixin.py:188} INFO - [2026-03-14T22:24:49.693+0000] {dagbag.py:545} INFO - Filling up the DagBag from /opt/airflow/dags/docflow_dag.py
[2026-03-14T22:24:49.733+0000] {processor.py:840} INFO - DAG(s) 'docflow_pipeline' retrieved from /opt/airflow/dags/docflow_dag.py
[2026-03-14T22:24:49.866+0000] {logging_mixin.py:188} INFO - [2026-03-14T22:24:49.866+0000] {dag.py:3096} INFO - Sync 1 DAGs
[2026-03-14T22:24:49.943+0000] {logging_mixin.py:188} INFO - [2026-03-14T22:24:49.942+0000] {dag.py:3954} INFO - Setting next_dagrun for docflow_pipeline to 2026-03-13 06:00:00+00:00, run_after=2026-03-16 06:00:00+00:00
[2026-03-14T22:24:50.158+0000] {processor.py:183} INFO - Processing /opt/airflow/dags/docflow_dag.py took 0.504 seconds
[2026-03-14T22:25:20.438+0000] {processor.py:161} INFO - Started process (PID=314) to work on /opt/airflow/dags/docflow_dag.py
[2026-03-14T22:25:20.442+0000] {processor.py:830} INFO - Processing file /opt/airflow/dags/docflow_dag.py for tasks to queue
[2026-03-14T22:25:20.452+0000] {logging_mixin.py:188} INFO - [2026-03-14T22:25:20.450+0000] {dagbag.py:545} INFO - Filling up the DagBag from /opt/airflow/dags/docflow_dag.py
[2026-03-14T22:25:20.502+0000] {processor.py:840} INFO - DAG(s) 'docflow_pipeline' retrieved from /opt/airflow/dags/docflow_dag.py
[2026-03-14T22:25:20.638+0000] {logging_mixin.py:188} INFO - [2026-03-14T22:25:20.637+0000] {dag.py:3096} INFO - Sync 1 DAGs
[2026-03-14T22:25:20.721+0000] {logging_mixin.py:188} INFO - [2026-03-14T22:25:20.719+0000] {dag.py:3954} INFO - Setting next_dagrun for docflow_pipeline to 2026-03-13 06:00:00+00:00, run_after=2026-03-16 06:00:00+00:00
[2026-03-14T22:25:20.838+0000] {processor.py:183} INFO - Processing /opt/airflow/dags/docflow_dag.py took 0.429 seconds
[2026-03-14T22:25:51.167+0000] {processor.py:161} INFO - Started process (PID=319) to work on /opt/airflow/dags/docflow_dag.py
[2026-03-14T22:25:51.172+0000] {processor.py:830} INFO - Processing file /opt/airflow/dags/docflow_dag.py for tasks to queue
[2026-03-14T22:25:51.182+0000] {logging_mixin.py:188} INFO - [2026-03-14T22:25:51.181+0000] {dagbag.py:545} INFO - Filling up the DagBag from /opt/airflow/dags/docflow_dag.py
[2026-03-14T22:25:51.240+0000] {processor.py:840} INFO - DAG(s) 'docflow_pipeline' retrieved from /opt/airflow/dags/docflow_dag.py
[2026-03-14T22:25:51.439+0000] {logging_mixin.py:188} INFO - [2026-03-14T22:25:51.437+0000] {dag.py:3096} INFO - Sync 1 DAGs
[2026-03-14T22:25:51.548+0000] {logging_mixin.py:188} INFO - [2026-03-14T22:25:51.547+0000] {dag.py:3954} INFO - Setting next_dagrun for docflow_pipeline to 2026-03-13 06:00:00+00:00, run_after=2026-03-16 06:00:00+00:00
[2026-03-14T22:25:51.693+0000] {processor.py:183} INFO - Processing /opt/airflow/dags/docflow_dag.py took 0.562 seconds
[2026-03-14T22:26:21.888+0000] {processor.py:161} INFO - Started process (PID=324) to work on /opt/airflow/dags/docflow_dag.py
[2026-03-14T22:26:21.890+0000] {processor.py:830} INFO - Processing file /opt/airflow/dags/docflow_dag.py for tasks to queue
[2026-03-14T22:26:21.898+0000] {logging_mixin.py:188} INFO - [2026-03-14T22:26:21.897+0000] {dagbag.py:545} INFO - Filling up the DagBag from /opt/airflow/dags/docflow_dag.py
[2026-03-14T22:26:21.938+0000] {processor.py:840} INFO - DAG(s) 'docflow_pipeline' retrieved from /opt/airflow/dags/docflow_dag.py
[2026-03-14T22:26:22.031+0000] {logging_mixin.py:188} INFO - [2026-03-14T22:26:22.030+0000] {dag.py:3096} INFO - Sync 1 DAGs
[2026-03-14T22:26:22.092+0000] {logging_mixin.py:188} INFO - [2026-03-14T22:26:22.091+0000] {dag.py:3954} INFO - Setting next_dagrun for docflow_pipeline to 2026-03-13 06:00:00+00:00, run_after=2026-03-16 06:00:00+00:00
[2026-03-14T22:26:22.165+0000] {processor.py:183} INFO - Processing /opt/airflow/dags/docflow_dag.py took 0.295 seconds
[2026-03-14T22:26:52.417+0000] {processor.py:161} INFO - Started process (PID=329) to work on /opt/airflow/dags/docflow_dag.py
[2026-03-14T22:26:52.420+0000] {processor.py:830} INFO - Processing file /opt/airflow/dags/docflow_dag.py for tasks to queue
[2026-03-14T22:26:52.428+0000] {logging_mixin.py:188} INFO - [2026-03-14T22:26:52.427+0000] {dagbag.py:545} INFO - Filling up the DagBag from /opt/airflow/dags/docflow_dag.py
[2026-03-14T22:26:52.477+0000] {processor.py:840} INFO - DAG(s) 'docflow_pipeline' retrieved from /opt/airflow/dags/docflow_dag.py
[2026-03-14T22:26:52.608+0000] {logging_mixin.py:188} INFO - [2026-03-14T22:26:52.607+0000] {dag.py:3096} INFO - Sync 1 DAGs
[2026-03-14T22:26:52.685+0000] {logging_mixin.py:188} INFO - [2026-03-14T22:26:52.684+0000] {dag.py:3954} INFO - Setting next_dagrun for docflow_pipeline to 2026-03-13 06:00:00+00:00, run_after=2026-03-16 06:00:00+00:00
[2026-03-14T22:26:52.840+0000] {processor.py:183} INFO - Processing /opt/airflow/dags/docflow_dag.py took 0.445 seconds
[2026-03-14T22:27:23.138+0000] {processor.py:161} INFO - Started process (PID=334) to work on /opt/airflow/dags/docflow_dag.py
[2026-03-14T22:27:23.140+0000] {processor.py:830} INFO - Processing file /opt/airflow/dags/docflow_dag.py for tasks to queue
[2026-03-14T22:27:23.147+0000] {logging_mixin.py:188} INFO - [2026-03-14T22:27:23.146+0000] {dagbag.py:545} INFO - Filling up the DagBag from /opt/airflow/dags/docflow_dag.py
[2026-03-14T22:27:23.193+0000] {processor.py:840} INFO - DAG(s) 'docflow_pipeline' retrieved from /opt/airflow/dags/docflow_dag.py
[2026-03-14T22:27:23.335+0000] {logging_mixin.py:188} INFO - [2026-03-14T22:27:23.334+0000] {dag.py:3096} INFO - Sync 1 DAGs
[2026-03-14T22:27:23.415+0000] {logging_mixin.py:188} INFO - [2026-03-14T22:27:23.414+0000] {dag.py:3954} INFO - Setting next_dagrun for docflow_pipeline to 2026-03-13 06:00:00+00:00, run_after=2026-03-16 06:00:00+00:00
[2026-03-14T22:27:23.520+0000] {processor.py:183} INFO - Processing /opt/airflow/dags/docflow_dag.py took 0.402 seconds
[2026-03-14T22:27:53.837+0000] {processor.py:161} INFO - Started process (PID=339) to work on /opt/airflow/dags/docflow_dag.py
[2026-03-14T22:27:53.843+0000] {processor.py:830} INFO - Processing file /opt/airflow/dags/docflow_dag.py for tasks to queue
[2026-03-14T22:27:53.863+0000] {logging_mixin.py:188} INFO - [2026-03-14T22:27:53.860+0000] {dagbag.py:545} INFO - Filling up the DagBag from /opt/airflow/dags/docflow_dag.py
[2026-03-14T22:27:53.954+0000] {processor.py:840} INFO - DAG(s) 'docflow_pipeline' retrieved from /opt/airflow/dags/docflow_dag.py
[2026-03-14T22:27:54.075+0000] {logging_mixin.py:188} INFO - [2026-03-14T22:27:54.074+0000] {dag.py:3096} INFO - Sync 1 DAGs
[2026-03-14T22:27:54.144+0000] {logging_mixin.py:188} INFO - [2026-03-14T22:27:54.143+0000] {dag.py:3954} INFO - Setting next_dagrun for docflow_pipeline to 2026-03-13 06:00:00+00:00, run_after=2026-03-16 06:00:00+00:00
[2026-03-14T22:27:54.231+0000] {processor.py:183} INFO - Processing /opt/airflow/dags/docflow_dag.py took 0.446 seconds
[2026-03-14T22:28:24.514+0000] {processor.py:161} INFO - Started process (PID=344) to work on /opt/airflow/dags/docflow_dag.py
[2026-03-14T22:28:24.517+0000] {processor.py:830} INFO - Processing file /opt/airflow/dags/docflow_dag.py for tasks to queue
[2026-03-14T22:28:24.530+0000] {logging_mixin.py:188} INFO - [2026-03-14T22:28:24.528+0000] {dagbag.py:545} INFO - Filling up the DagBag from /opt/airflow/dags/docflow_dag.py
[2026-03-14T22:28:24.586+0000] {processor.py:840} INFO - DAG(s) 'docflow_pipeline' retrieved from /opt/airflow/dags/docflow_dag.py
[2026-03-14T22:28:24.695+0000] {logging_mixin.py:188} INFO - [2026-03-14T22:28:24.695+0000] {dag.py:3096} INFO - Sync 1 DAGs
[2026-03-14T22:28:24.776+0000] {logging_mixin.py:188} INFO - [2026-03-14T22:28:24.776+0000] {dag.py:3954} INFO - Setting next_dagrun for docflow_pipeline to 2026-03-13 06:00:00+00:00, run_after=2026-03-16 06:00:00+00:00
[2026-03-14T22:28:24.918+0000] {processor.py:183} INFO - Processing /opt/airflow/dags/docflow_dag.py took 0.433 seconds
[2026-03-14T22:28:55.230+0000] {processor.py:161} INFO - Started process (PID=349) to work on /opt/airflow/dags/docflow_dag.py
[2026-03-14T22:28:55.290+0000] {processor.py:830} INFO - Processing file /opt/airflow/dags/docflow_dag.py for tasks to queue
[2026-03-14T22:28:55.309+0000] {logging_mixin.py:188} INFO - [2026-03-14T22:28:55.307+0000] {dagbag.py:545} INFO - Filling up the DagBag from /opt/airflow/dags/docflow_dag.py
[2026-03-14T22:28:55.363+0000] {processor.py:840} INFO - DAG(s) 'docflow_pipeline' retrieved from /opt/airflow/dags/docflow_dag.py
[2026-03-14T22:28:55.489+0000] {logging_mixin.py:188} INFO - [2026-03-14T22:28:55.488+0000] {dag.py:3096} INFO - Sync 1 DAGs
[2026-03-14T22:28:55.563+0000] {logging_mixin.py:188} INFO - [2026-03-14T22:28:55.562+0000] {dag.py:3954} INFO - Setting next_dagrun for docflow_pipeline to 2026-03-13 06:00:00+00:00, run_after=2026-03-16 06:00:00+00:00
[2026-03-14T22:28:55.721+0000] {processor.py:183} INFO - Processing /opt/airflow/dags/docflow_dag.py took 0.539 seconds
[2026-03-14T22:29:25.927+0000] {processor.py:161} INFO - Started process (PID=354) to work on /opt/airflow/dags/docflow_dag.py
[2026-03-14T22:29:25.951+0000] {processor.py:830} INFO - Processing file /opt/airflow/dags/docflow_dag.py for tasks to queue
[2026-03-14T22:29:25.957+0000] {logging_mixin.py:188} INFO - [2026-03-14T22:29:25.956+0000] {dagbag.py:545} INFO - Filling up the DagBag from /opt/airflow/dags/docflow_dag.py
[2026-03-14T22:29:25.990+0000] {processor.py:840} INFO - DAG(s) 'docflow_pipeline' retrieved from /opt/airflow/dags/docflow_dag.py
[2026-03-14T22:29:26.077+0000] {logging_mixin.py:188} INFO - [2026-03-14T22:29:26.076+0000] {dag.py:3096} INFO - Sync 1 DAGs
[2026-03-14T22:29:26.136+0000] {logging_mixin.py:188} INFO - [2026-03-14T22:29:26.136+0000] {dag.py:3954} INFO - Setting next_dagrun for docflow_pipeline to 2026-03-13 06:00:00+00:00, run_after=2026-03-16 06:00:00+00:00
[2026-03-14T22:29:26.233+0000] {processor.py:183} INFO - Processing /opt/airflow/dags/docflow_dag.py took 0.325 seconds
[2026-03-14T22:29:56.487+0000] {processor.py:161} INFO - Started process (PID=359) to work on /opt/airflow/dags/docflow_dag.py
[2026-03-14T22:29:56.490+0000] {processor.py:830} INFO - Processing file /opt/airflow/dags/docflow_dag.py for tasks to queue
[2026-03-14T22:29:56.495+0000] {logging_mixin.py:188} INFO - [2026-03-14T22:29:56.494+0000] {dagbag.py:545} INFO - Filling up the DagBag from /opt/airflow/dags/docflow_dag.py
[2026-03-14T22:29:56.536+0000] {processor.py:840} INFO - DAG(s) 'docflow_pipeline' retrieved from /opt/airflow/dags/docflow_dag.py
[2026-03-14T22:29:56.668+0000] {logging_mixin.py:188} INFO - [2026-03-14T22:29:56.667+0000] {dag.py:3096} INFO - Sync 1 DAGs
[2026-03-14T22:29:56.751+0000] {logging_mixin.py:188} INFO - [2026-03-14T22:29:56.750+0000] {dag.py:3954} INFO - Setting next_dagrun for docflow_pipeline to 2026-03-13 06:00:00+00:00, run_after=2026-03-16 06:00:00+00:00
[2026-03-14T22:29:56.870+0000] {processor.py:183} INFO - Processing /opt/airflow/dags/docflow_dag.py took 0.406 seconds
[2026-03-14T22:30:27.151+0000] {processor.py:161} INFO - Started process (PID=364) to work on /opt/airflow/dags/docflow_dag.py
[2026-03-14T22:30:27.187+0000] {processor.py:830} INFO - Processing file /opt/airflow/dags/docflow_dag.py for tasks to queue
[2026-03-14T22:30:27.192+0000] {logging_mixin.py:188} INFO - [2026-03-14T22:30:27.191+0000] {dagbag.py:545} INFO - Filling up the DagBag from /opt/airflow/dags/docflow_dag.py
[2026-03-14T22:30:27.226+0000] {processor.py:840} INFO - DAG(s) 'docflow_pipeline' retrieved from /opt/airflow/dags/docflow_dag.py
[2026-03-14T22:30:27.317+0000] {logging_mixin.py:188} INFO - [2026-03-14T22:30:27.316+0000] {dag.py:3096} INFO - Sync 1 DAGs
[2026-03-14T22:30:27.378+0000] {logging_mixin.py:188} INFO - [2026-03-14T22:30:27.377+0000] {dag.py:3954} INFO - Setting next_dagrun for docflow_pipeline to 2026-03-13 06:00:00+00:00, run_after=2026-03-16 06:00:00+00:00
[2026-03-14T22:30:27.459+0000] {processor.py:183} INFO - Processing /opt/airflow/dags/docflow_dag.py took 0.328 seconds
[2026-03-14T22:30:57.747+0000] {processor.py:161} INFO - Started process (PID=369) to work on /opt/airflow/dags/docflow_dag.py
[2026-03-14T22:30:57.750+0000] {processor.py:830} INFO - Processing file /opt/airflow/dags/docflow_dag.py for tasks to queue
[2026-03-14T22:30:57.755+0000] {logging_mixin.py:188} INFO - [2026-03-14T22:30:57.754+0000] {dagbag.py:545} INFO - Filling up the DagBag from /opt/airflow/dags/docflow_dag.py
[2026-03-14T22:30:57.791+0000] {processor.py:840} INFO - DAG(s) 'docflow_pipeline' retrieved from /opt/airflow/dags/docflow_dag.py
[2026-03-14T22:30:57.904+0000] {logging_mixin.py:188} INFO - [2026-03-14T22:30:57.904+0000] {dag.py:3096} INFO - Sync 1 DAGs
[2026-03-14T22:30:57.967+0000] {logging_mixin.py:188} INFO - [2026-03-14T22:30:57.966+0000] {dag.py:3954} INFO - Setting next_dagrun for docflow_pipeline to 2026-03-13 06:00:00+00:00, run_after=2026-03-16 06:00:00+00:00
[2026-03-14T22:30:58.040+0000] {processor.py:183} INFO - Processing /opt/airflow/dags/docflow_dag.py took 0.313 seconds
