[2026-03-14T21:59:00.805+0000] {local_task_job_runner.py:120} INFO - ::group::Pre task execution logs
[2026-03-14T21:59:00.996+0000] {taskinstance.py:2076} INFO - Dependencies all met for dep_context=non-requeueable deps ti=<TaskInstance: docflow_pipeline.process_silver manual__2026-03-14T21:54:23.176650+00:00 [queued]>
[2026-03-14T21:59:01.020+0000] {taskinstance.py:2076} INFO - Dependencies all met for dep_context=requeueable deps ti=<TaskInstance: docflow_pipeline.process_silver manual__2026-03-14T21:54:23.176650+00:00 [queued]>
[2026-03-14T21:59:01.021+0000] {taskinstance.py:2306} INFO - Starting attempt 1 of 1
[2026-03-14T21:59:01.104+0000] {taskinstance.py:2330} INFO - Executing <Task(PythonOperator): process_silver> on 2026-03-14 21:54:23.176650+00:00
[2026-03-14T21:59:01.125+0000] {standard_task_runner.py:90} INFO - Running: ['***', 'tasks', 'run', 'docflow_pipeline', 'process_silver', 'manual__2026-03-14T21:54:23.176650+00:00', '--job-id', '72', '--raw', '--subdir', 'DAGS_FOLDER/docflow_dag.py', '--cfg-path', '/tmp/tmpsifiovsf']
[2026-03-14T21:59:01.133+0000] {standard_task_runner.py:91} INFO - Job 72: Subtask process_silver
[2026-03-14T21:59:01.132+0000] {logging_mixin.py:188} WARNING - /home/***/.local/lib/python3.12/site-packages/***/task/task_runner/standard_task_runner.py:61 DeprecationWarning: This process (pid=289) is multi-threaded, use of fork() may lead to deadlocks in the child.
[2026-03-14T21:59:01.134+0000] {standard_task_runner.py:63} INFO - Started process 290 to run task
[2026-03-14T21:59:01.318+0000] {task_command.py:426} INFO - Running <TaskInstance: docflow_pipeline.process_silver manual__2026-03-14T21:54:23.176650+00:00 [running]> on host 2a1c64a84883
[2026-03-14T21:59:01.684+0000] {taskinstance.py:2648} INFO - Exporting env vars: AIRFLOW_CTX_DAG_OWNER='***' AIRFLOW_CTX_DAG_ID='docflow_pipeline' AIRFLOW_CTX_TASK_ID='process_silver' AIRFLOW_CTX_EXECUTION_DATE='2026-03-14T21:54:23.176650+00:00' AIRFLOW_CTX_TRY_NUMBER='1' AIRFLOW_CTX_DAG_RUN_ID='manual__2026-03-14T21:54:23.176650+00:00'
[2026-03-14T21:59:01.686+0000] {taskinstance.py:430} INFO - ::endgroup::
[2026-03-14T21:59:02.490+0000] {logging_mixin.py:188} WARNING - 2026-03-14 21:59:02.489 | INFO     | processing.process_silver:run_processing:23 - Rows loaded : 600 row
[2026-03-14T21:59:03.338+0000] {logging_mixin.py:188} WARNING - 2026-03-14 21:59:03.338 | INFO     | processing.process_silver:run_processing:38 - Rows after processing and deduplication : 555 row
[2026-03-14T21:59:03.688+0000] {logging_mixin.py:188} WARNING - 2026-03-14 21:59:03.688 | INFO     | processing.process_silver:run_processing:41 - Silver file has been written to ./silver/arxiv_2026-03-14.parquet
[2026-03-14T21:59:03.689+0000] {python.py:237} INFO - Done. Returned value was: None
[2026-03-14T21:59:03.690+0000] {taskinstance.py:441} INFO - ::group::Post task execution logs
[2026-03-14T21:59:03.723+0000] {taskinstance.py:1206} INFO - Marking task as SUCCESS. dag_id=docflow_pipeline, task_id=process_silver, run_id=manual__2026-03-14T21:54:23.176650+00:00, execution_date=20260314T215423, start_date=20260314T215900, end_date=20260314T215903
[2026-03-14T21:59:03.813+0000] {local_task_job_runner.py:240} INFO - Task exited with return code 0
[2026-03-14T21:59:03.884+0000] {taskinstance.py:3503} INFO - 1 downstream tasks scheduled from follow-on schedule check
[2026-03-14T21:59:03.919+0000] {local_task_job_runner.py:222} INFO - ::endgroup::
