[2026-03-14T21:34:17.547+0000] {local_task_job_runner.py:120} INFO - ::group::Pre task execution logs
[2026-03-14T21:34:17.713+0000] {taskinstance.py:2076} INFO - Dependencies all met for dep_context=non-requeueable deps ti=<TaskInstance: docflow_pipeline.ingest_arxiv manual__2026-03-14T21:34:16.226961+00:00 [queued]>
[2026-03-14T21:34:17.743+0000] {taskinstance.py:2076} INFO - Dependencies all met for dep_context=requeueable deps ti=<TaskInstance: docflow_pipeline.ingest_arxiv manual__2026-03-14T21:34:16.226961+00:00 [queued]>
[2026-03-14T21:34:17.745+0000] {taskinstance.py:2306} INFO - Starting attempt 1 of 1
[2026-03-14T21:34:17.831+0000] {taskinstance.py:2330} INFO - Executing <Task(PythonOperator): ingest_arxiv> on 2026-03-14 21:34:16.226961+00:00
[2026-03-14T21:34:17.871+0000] {standard_task_runner.py:90} INFO - Running: ['***', 'tasks', 'run', 'docflow_pipeline', 'ingest_arxiv', 'manual__2026-03-14T21:34:16.226961+00:00', '--job-id', '64', '--raw', '--subdir', 'DAGS_FOLDER/docflow_dag.py', '--cfg-path', '/tmp/tmplh8v4f1t']
[2026-03-14T21:34:17.893+0000] {logging_mixin.py:188} WARNING - /home/***/.local/lib/python3.12/site-packages/***/task/task_runner/standard_task_runner.py:61 DeprecationWarning: This process (pid=404) is multi-threaded, use of fork() may lead to deadlocks in the child.
[2026-03-14T21:34:17.894+0000] {standard_task_runner.py:91} INFO - Job 64: Subtask ingest_arxiv
[2026-03-14T21:34:17.896+0000] {standard_task_runner.py:63} INFO - Started process 405 to run task
[2026-03-14T21:34:18.241+0000] {task_command.py:426} INFO - Running <TaskInstance: docflow_pipeline.ingest_arxiv manual__2026-03-14T21:34:16.226961+00:00 [running]> on host 14211cbfbbcc
[2026-03-14T21:34:18.833+0000] {taskinstance.py:2648} INFO - Exporting env vars: AIRFLOW_CTX_DAG_OWNER='***' AIRFLOW_CTX_DAG_ID='docflow_pipeline' AIRFLOW_CTX_TASK_ID='ingest_arxiv' AIRFLOW_CTX_EXECUTION_DATE='2026-03-14T21:34:16.226961+00:00' AIRFLOW_CTX_TRY_NUMBER='1' AIRFLOW_CTX_DAG_RUN_ID='manual__2026-03-14T21:34:16.226961+00:00'
[2026-03-14T21:34:18.836+0000] {taskinstance.py:430} INFO - ::endgroup::
[2026-03-14T21:34:18.955+0000] {logging_mixin.py:188} WARNING - 2026-03-14 21:34:18.954 | INFO     | ingestion.ingest_arxiv:run_ingestion:65 - Starting fetching for category: cs.AI
[2026-03-14T21:34:20.381+0000] {logging_mixin.py:188} WARNING - 2026-03-14 21:34:20.381 | INFO     | ingestion.ingest_arxiv:run_ingestion:73 - Fetched page 1 for cs.AI
[2026-03-14T21:35:01.080+0000] {logging_mixin.py:188} WARNING - 2026-03-14 21:35:01.080 | INFO     | ingestion.ingest_arxiv:run_ingestion:73 - Fetched page 2 for cs.AI
[2026-03-14T21:35:34.573+0000] {logging_mixin.py:188} WARNING - 2026-03-14 21:35:34.573 | INFO     | ingestion.ingest_arxiv:run_ingestion:73 - Fetched page 3 for cs.AI
[2026-03-14T21:36:13.615+0000] {logging_mixin.py:188} WARNING - 2026-03-14 21:36:13.615 | INFO     | ingestion.ingest_arxiv:run_ingestion:77 - Saved 300 into ./bronze/arxiv_cs.AI_2026-03-14.json
[2026-03-14T21:36:13.616+0000] {logging_mixin.py:188} WARNING - 2026-03-14 21:36:13.616 | INFO     | ingestion.ingest_arxiv:run_ingestion:65 - Starting fetching for category: cs.LG
[2026-03-14T21:36:14.206+0000] {logging_mixin.py:188} WARNING - 2026-03-14 21:36:14.206 | INFO     | ingestion.ingest_arxiv:run_ingestion:73 - Fetched page 1 for cs.LG
[2026-03-14T21:37:01.569+0000] {logging_mixin.py:188} WARNING - 2026-03-14 21:37:01.568 | INFO     | ingestion.ingest_arxiv:run_ingestion:73 - Fetched page 2 for cs.LG
[2026-03-14T21:37:32.968+0000] {logging_mixin.py:188} WARNING - 2026-03-14 21:37:32.968 | INFO     | ingestion.ingest_arxiv:run_ingestion:73 - Fetched page 3 for cs.LG
[2026-03-14T21:38:04.984+0000] {logging_mixin.py:188} WARNING - 2026-03-14 21:38:04.984 | INFO     | ingestion.ingest_arxiv:run_ingestion:77 - Saved 300 into ./bronze/arxiv_cs.LG_2026-03-14.json
[2026-03-14T21:38:04.985+0000] {logging_mixin.py:188} WARNING - 2026-03-14 21:38:04.985 | INFO     | ingestion.ingest_arxiv:run_ingestion:78 - Finished Fetching Process
[2026-03-14T21:38:04.986+0000] {python.py:237} INFO - Done. Returned value was: None
[2026-03-14T21:38:04.987+0000] {taskinstance.py:441} INFO - ::group::Post task execution logs
[2026-03-14T21:38:05.028+0000] {taskinstance.py:1206} INFO - Marking task as SUCCESS. dag_id=docflow_pipeline, task_id=ingest_arxiv, run_id=manual__2026-03-14T21:34:16.226961+00:00, execution_date=20260314T213416, start_date=20260314T213417, end_date=20260314T213805
[2026-03-14T21:38:05.190+0000] {local_task_job_runner.py:240} INFO - Task exited with return code 0
[2026-03-14T21:38:05.264+0000] {taskinstance.py:3503} INFO - 1 downstream tasks scheduled from follow-on schedule check
[2026-03-14T21:38:05.292+0000] {local_task_job_runner.py:222} INFO - ::endgroup::
