[2026-03-14T21:25:52.434+0000] {local_task_job_runner.py:120} INFO - ::group::Pre task execution logs
[2026-03-14T21:25:52.693+0000] {taskinstance.py:2076} INFO - Dependencies all met for dep_context=non-requeueable deps ti=<TaskInstance: docflow_pipeline.ingest_arxiv manual__2026-03-14T21:25:49.894754+00:00 [queued]>
[2026-03-14T21:25:52.708+0000] {taskinstance.py:2076} INFO - Dependencies all met for dep_context=requeueable deps ti=<TaskInstance: docflow_pipeline.ingest_arxiv manual__2026-03-14T21:25:49.894754+00:00 [queued]>
[2026-03-14T21:25:52.709+0000] {taskinstance.py:2306} INFO - Starting attempt 1 of 1
[2026-03-14T21:25:52.767+0000] {taskinstance.py:2330} INFO - Executing <Task(PythonOperator): ingest_arxiv> on 2026-03-14 21:25:49.894754+00:00
[2026-03-14T21:25:52.776+0000] {standard_task_runner.py:90} INFO - Running: ['***', 'tasks', 'run', 'docflow_pipeline', 'ingest_arxiv', 'manual__2026-03-14T21:25:49.894754+00:00', '--job-id', '60', '--raw', '--subdir', 'DAGS_FOLDER/docflow_dag.py', '--cfg-path', '/tmp/tmp66fvyghm']
[2026-03-14T21:25:52.779+0000] {standard_task_runner.py:91} INFO - Job 60: Subtask ingest_arxiv
[2026-03-14T21:25:52.779+0000] {logging_mixin.py:188} WARNING - /home/***/.local/lib/python3.12/site-packages/***/task/task_runner/standard_task_runner.py:61 DeprecationWarning: This process (pid=269) is multi-threaded, use of fork() may lead to deadlocks in the child.
[2026-03-14T21:25:52.780+0000] {standard_task_runner.py:63} INFO - Started process 270 to run task
[2026-03-14T21:25:52.931+0000] {task_command.py:426} INFO - Running <TaskInstance: docflow_pipeline.ingest_arxiv manual__2026-03-14T21:25:49.894754+00:00 [running]> on host 14211cbfbbcc
[2026-03-14T21:25:53.157+0000] {taskinstance.py:2648} INFO - Exporting env vars: AIRFLOW_CTX_DAG_OWNER='***' AIRFLOW_CTX_DAG_ID='docflow_pipeline' AIRFLOW_CTX_TASK_ID='ingest_arxiv' AIRFLOW_CTX_EXECUTION_DATE='2026-03-14T21:25:49.894754+00:00' AIRFLOW_CTX_TRY_NUMBER='1' AIRFLOW_CTX_DAG_RUN_ID='manual__2026-03-14T21:25:49.894754+00:00'
[2026-03-14T21:25:53.159+0000] {taskinstance.py:430} INFO - ::endgroup::
[2026-03-14T21:25:53.200+0000] {logging_mixin.py:188} WARNING - 2026-03-14 21:25:53.199 | INFO     | ingestion.ingest_arxiv:run_ingestion:65 - Starting fetching for category: cs.AI
[2026-03-14T21:25:54.003+0000] {logging_mixin.py:188} WARNING - 2026-03-14 21:25:54.003 | INFO     | ingestion.ingest_arxiv:run_ingestion:73 - Fetched page 1 for cs.AI
[2026-03-14T21:26:36.544+0000] {logging_mixin.py:188} WARNING - 2026-03-14 21:26:36.544 | INFO     | ingestion.ingest_arxiv:run_ingestion:73 - Fetched page 2 for cs.AI
[2026-03-14T21:27:13.564+0000] {logging_mixin.py:188} WARNING - 2026-03-14 21:27:13.564 | INFO     | ingestion.ingest_arxiv:run_ingestion:77 - Saved 200 into ./bronze/arxiv_cs.AI_2026-03-14.json
[2026-03-14T21:27:13.565+0000] {logging_mixin.py:188} WARNING - 2026-03-14 21:27:13.565 | INFO     | ingestion.ingest_arxiv:run_ingestion:65 - Starting fetching for category: cs.LG
[2026-03-14T21:27:14.808+0000] {logging_mixin.py:188} WARNING - 2026-03-14 21:27:14.808 | INFO     | ingestion.ingest_arxiv:run_ingestion:73 - Fetched page 1 for cs.LG
[2026-03-14T21:27:45.829+0000] {logging_mixin.py:188} WARNING - 2026-03-14 21:27:45.828 | INFO     | ingestion.ingest_arxiv:run_ingestion:73 - Fetched page 2 for cs.LG
[2026-03-14T21:28:26.839+0000] {logging_mixin.py:188} WARNING - 2026-03-14 21:28:26.839 | INFO     | ingestion.ingest_arxiv:run_ingestion:77 - Saved 200 into ./bronze/arxiv_cs.LG_2026-03-14.json
[2026-03-14T21:28:26.840+0000] {logging_mixin.py:188} WARNING - 2026-03-14 21:28:26.840 | INFO     | ingestion.ingest_arxiv:run_ingestion:78 - Finished Fetching Process
[2026-03-14T21:28:26.841+0000] {python.py:237} INFO - Done. Returned value was: None
[2026-03-14T21:28:26.842+0000] {taskinstance.py:441} INFO - ::group::Post task execution logs
[2026-03-14T21:28:26.874+0000] {taskinstance.py:1206} INFO - Marking task as SUCCESS. dag_id=docflow_pipeline, task_id=ingest_arxiv, run_id=manual__2026-03-14T21:25:49.894754+00:00, execution_date=20260314T212549, start_date=20260314T212552, end_date=20260314T212826
[2026-03-14T21:28:26.974+0000] {local_task_job_runner.py:240} INFO - Task exited with return code 0
[2026-03-14T21:28:27.060+0000] {taskinstance.py:3503} INFO - 1 downstream tasks scheduled from follow-on schedule check
[2026-03-14T21:28:27.093+0000] {local_task_job_runner.py:222} INFO - ::endgroup::
