[2026-03-14T22:06:02.670+0000] {local_task_job_runner.py:120} INFO - ::group::Pre task execution logs
[2026-03-14T22:06:02.767+0000] {taskinstance.py:2076} INFO - Dependencies all met for dep_context=non-requeueable deps ti=<TaskInstance: docflow_pipeline.process_silver manual__2026-03-14T22:01:55.688376+00:00 [queued]>
[2026-03-14T22:06:02.788+0000] {taskinstance.py:2076} INFO - Dependencies all met for dep_context=requeueable deps ti=<TaskInstance: docflow_pipeline.process_silver manual__2026-03-14T22:01:55.688376+00:00 [queued]>
[2026-03-14T22:06:02.790+0000] {taskinstance.py:2306} INFO - Starting attempt 1 of 1
[2026-03-14T22:06:02.849+0000] {taskinstance.py:2330} INFO - Executing <Task(PythonOperator): process_silver> on 2026-03-14 22:01:55.688376+00:00
[2026-03-14T22:06:02.900+0000] {logging_mixin.py:188} WARNING - /home/***/.local/lib/python3.12/site-packages/***/task/task_runner/standard_task_runner.py:61 DeprecationWarning: This process (pid=437) is multi-threaded, use of fork() may lead to deadlocks in the child.
[2026-03-14T22:06:02.886+0000] {standard_task_runner.py:90} INFO - Running: ['***', 'tasks', 'run', 'docflow_pipeline', 'process_silver', 'manual__2026-03-14T22:01:55.688376+00:00', '--job-id', '76', '--raw', '--subdir', 'DAGS_FOLDER/docflow_dag.py', '--cfg-path', '/tmp/tmpbv_o85wu']
[2026-03-14T22:06:02.903+0000] {standard_task_runner.py:91} INFO - Job 76: Subtask process_silver
[2026-03-14T22:06:02.903+0000] {standard_task_runner.py:63} INFO - Started process 438 to run task
[2026-03-14T22:06:03.114+0000] {task_command.py:426} INFO - Running <TaskInstance: docflow_pipeline.process_silver manual__2026-03-14T22:01:55.688376+00:00 [running]> on host 2a1c64a84883
[2026-03-14T22:06:03.434+0000] {taskinstance.py:2648} INFO - Exporting env vars: AIRFLOW_CTX_DAG_OWNER='***' AIRFLOW_CTX_DAG_ID='docflow_pipeline' AIRFLOW_CTX_TASK_ID='process_silver' AIRFLOW_CTX_EXECUTION_DATE='2026-03-14T22:01:55.688376+00:00' AIRFLOW_CTX_TRY_NUMBER='1' AIRFLOW_CTX_DAG_RUN_ID='manual__2026-03-14T22:01:55.688376+00:00'
[2026-03-14T22:06:03.436+0000] {taskinstance.py:430} INFO - ::endgroup::
[2026-03-14T22:06:04.022+0000] {logging_mixin.py:188} WARNING - 2026-03-14 22:06:04.020 | INFO     | processing.process_silver:run_processing:23 - Rows loaded : 600 row
[2026-03-14T22:06:04.549+0000] {logging_mixin.py:188} WARNING - 2026-03-14 22:06:04.548 | INFO     | processing.process_silver:run_processing:38 - Rows after processing and deduplication : 555 row
[2026-03-14T22:06:04.691+0000] {logging_mixin.py:188} WARNING - 2026-03-14 22:06:04.691 | INFO     | processing.process_silver:run_processing:41 - Silver file has been written to ./silver/arxiv_2026-03-14.parquet
[2026-03-14T22:06:04.693+0000] {python.py:237} INFO - Done. Returned value was: None
[2026-03-14T22:06:04.694+0000] {taskinstance.py:441} INFO - ::group::Post task execution logs
[2026-03-14T22:06:04.724+0000] {taskinstance.py:1206} INFO - Marking task as SUCCESS. dag_id=docflow_pipeline, task_id=process_silver, run_id=manual__2026-03-14T22:01:55.688376+00:00, execution_date=20260314T220155, start_date=20260314T220602, end_date=20260314T220604
[2026-03-14T22:06:04.855+0000] {local_task_job_runner.py:240} INFO - Task exited with return code 0
[2026-03-14T22:06:04.915+0000] {taskinstance.py:3503} INFO - 1 downstream tasks scheduled from follow-on schedule check
[2026-03-14T22:06:04.941+0000] {local_task_job_runner.py:222} INFO - ::endgroup::
